#
# There is insufficient memory for the Java Runtime Environment to continue.
# Native memory allocation (malloc) failed to allocate 1168816 bytes. Error detail: Chunk::new
# Possible reasons:
#   The system is out of physical RAM or swap space
#   This process is running with CompressedOops enabled, and the Java Heap may be blocking the growth of the native heap
# Possible solutions:
#   Reduce memory load on the system
#   Increase physical memory or swap space
#   Check if swap backing store is full
#   Decrease Java heap size (-Xmx/-Xms)
#   Decrease number of Java threads
#   Decrease Java thread stack sizes (-Xss)
#   Set larger code cache with -XX:ReservedCodeCacheSize=
#   JVM is running with Unscaled Compressed Oops mode in which the Java heap is
#     placed in the first 4GB address space. The Java Heap base address is the
#     maximum limit for the native heap growth. Please use -XX:HeapBaseMinAddress
#     to set the Java Heap base and to place the Java Heap above 4GB virtual address.
# This output file may be truncated or incomplete.
#
#  Out of Memory Error (arena.cpp:168), pid=17136, tid=17956
#
# JRE version: OpenJDK Runtime Environment Temurin-21.0.9+10 (21.0.9+10) (build 21.0.9+10-LTS)
# Java VM: OpenJDK 64-Bit Server VM Temurin-21.0.9+10 (21.0.9+10-LTS, mixed mode, sharing, tiered, compressed oops, compressed class ptrs, parallel gc, windows-amd64)
# No core dump will be written. Minidumps are not enabled by default on client versions of Windows
#

---------------  S U M M A R Y ------------

Command Line: --add-modules=ALL-SYSTEM --add-opens=java.base/java.util=ALL-UNNAMED --add-opens=java.base/java.lang=ALL-UNNAMED --add-opens=java.base/sun.nio.fs=ALL-UNNAMED -Declipse.application=org.eclipse.jdt.ls.core.id1 -Dosgi.bundles.defaultStartLevel=4 -Declipse.product=org.eclipse.jdt.ls.core.product -Djava.import.generatesMetadataFilesAtProjectRoot=false -DDetectVMInstallationsJob.disabled=true -Dfile.encoding=utf8 -XX:+UseParallelGC -XX:GCTimeRatio=4 -XX:AdaptiveSizePolicyWeight=90 -Dsun.zip.disableMemoryMapping=true -Xmx2G -Xms100m -Xlog:disable -javaagent:c:\Users\arivo\.vscode\extensions\redhat.java-1.52.0-win32-x64\lombok\lombok-1.18.39-4050.jar -XX:+HeapDumpOnOutOfMemoryError -XX:HeapDumpPath=c:\Users\arivo\AppData\Roaming\Code\User\workspaceStorage\e223b41e2c975174788a866204c32b08\redhat.java -Daether.dependencyCollector.impl=bf c:\Users\arivo\.vscode\extensions\redhat.java-1.52.0-win32-x64\server\plugins\org.eclipse.equinox.launcher_1.7.100.v20251111-0406.jar -configuration c:\Users\arivo\AppData\Roaming\Code\User\globalStorage\redhat.java\1.52.0\config_win -data c:\Users\arivo\AppData\Roaming\Code\User\workspaceStorage\e223b41e2c975174788a866204c32b08\redhat.java\jdt_ws --pipe=\\.\pipe\lsp-d1b75b3fd096e76cf7dd2ebb1b402a79-sock

Host: AMD Ryzen 5 7520U with Radeon Graphics         , 8 cores, 5G,  Windows 11 , 64 bit Build 26100 (10.0.26100.7705)
Time: Wed Feb 11 11:00:41 2026 India Standard Time elapsed time: 93.319885 seconds (0d 0h 1m 33s)

---------------  T H R E A D  ---------------

Current thread (0x00000212f6e16710):  JavaThread "C2 CompilerThread0" daemon [_thread_in_native, id=17956, stack(0x0000001f82c00000,0x0000001f82d00000) (1024K)]


Current CompileTask:
C2:93319 6600   !   4       org.eclipse.osgi.internal.loader.BundleLoader::findClass0 (490 bytes)

Stack: [0x0000001f82c00000,0x0000001f82d00000]
Native frames: (J=compiled Java code, j=interpreted, Vv=VM code, C=native code)
V  [jvm.dll+0x6d6e29]
V  [jvm.dll+0x8b4b76]
V  [jvm.dll+0x8b712e]
V  [jvm.dll+0x8b7813]
V  [jvm.dll+0x283d86]
V  [jvm.dll+0xc66ed]
V  [jvm.dll+0xc6c31]
V  [jvm.dll+0x3be501]
V  [jvm.dll+0x1e3b52]
V  [jvm.dll+0x24c0f3]
V  [jvm.dll+0x24b580]
V  [jvm.dll+0x1cb13e]
V  [jvm.dll+0x25b29d]
V  [jvm.dll+0x25982a]
V  [jvm.dll+0x3f7ea6]
V  [jvm.dll+0x85e9ad]
V  [jvm.dll+0x6d565d]
C  [ucrtbase.dll+0x37b0]
C  [KERNEL32.DLL+0x2e8d7]
C  [ntdll.dll+0x8c40c]


---------------  P R O C E S S  ---------------

Threads class SMR info:
_java_thread_list=0x00000212fe0a38c0, length=44, elements={
0x00000212ef36c4f0, 0x00000212f6dde6c0, 0x00000212f6de2030, 0x00000212f6de5800,
0x00000212f6de6450, 0x00000212f6de8fb0, 0x00000212f6dee730, 0x00000212f6e16710,
0x00000212f86c8230, 0x00000212f88a5070, 0x00000212f89d6c90, 0x00000212fd4548b0,
0x00000212fd6fe310, 0x00000212fd5bd420, 0x00000212fd5bde50, 0x00000212fd243160,
0x00000212fdb4b390, 0x00000212fdbbcf00, 0x00000212fdbbfcf0, 0x00000212fdbc0380,
0x00000212fdbbd590, 0x00000212fdbbe940, 0x00000212fdbbdc20, 0x00000212fdbbe2b0,
0x00000212fdbbefd0, 0x00000212fef295c0, 0x00000212fef28f30, 0x00000212fef288a0,
0x00000212fef274f0, 0x00000212fef29c50, 0x00000212fef28210, 0x00000212fef2a2e0,
0x00000212fef27b80, 0x00000212fef26e60, 0x00000212fef2ca40, 0x00000212fef2a970,
0x00000212fef2d0d0, 0x00000212fef2ddf0, 0x00000212fef2d760, 0x00000212fef2e480,
0x00000212fef2b690, 0x00000212fef2bd20, 0x00000212fef2c3b0, 0x00000212d01e2b20
}

Java Threads: ( => current thread )
  0x00000212ef36c4f0 JavaThread "main"                              [_thread_blocked, id=31280, stack(0x0000001f82200000,0x0000001f82300000) (1024K)]
  0x00000212f6dde6c0 JavaThread "Reference Handler"          daemon [_thread_blocked, id=25116, stack(0x0000001f82600000,0x0000001f82700000) (1024K)]
  0x00000212f6de2030 JavaThread "Finalizer"                  daemon [_thread_blocked, id=3544, stack(0x0000001f82700000,0x0000001f82800000) (1024K)]
  0x00000212f6de5800 JavaThread "Signal Dispatcher"          daemon [_thread_blocked, id=14232, stack(0x0000001f82800000,0x0000001f82900000) (1024K)]
  0x00000212f6de6450 JavaThread "Attach Listener"            daemon [_thread_blocked, id=10604, stack(0x0000001f82900000,0x0000001f82a00000) (1024K)]
  0x00000212f6de8fb0 JavaThread "Service Thread"             daemon [_thread_blocked, id=14744, stack(0x0000001f82a00000,0x0000001f82b00000) (1024K)]
  0x00000212f6dee730 JavaThread "Monitor Deflation Thread"   daemon [_thread_blocked, id=25260, stack(0x0000001f82b00000,0x0000001f82c00000) (1024K)]
=>0x00000212f6e16710 JavaThread "C2 CompilerThread0"         daemon [_thread_in_native, id=17956, stack(0x0000001f82c00000,0x0000001f82d00000) (1024K)]
  0x00000212f86c8230 JavaThread "C1 CompilerThread0"         daemon [_thread_blocked, id=5140, stack(0x0000001f82d00000,0x0000001f82e00000) (1024K)]
  0x00000212f88a5070 JavaThread "Common-Cleaner"             daemon [_thread_blocked, id=27200, stack(0x0000001f82e00000,0x0000001f82f00000) (1024K)]
  0x00000212f89d6c90 JavaThread "Notification Thread"        daemon [_thread_blocked, id=18076, stack(0x0000001f82f00000,0x0000001f83000000) (1024K)]
  0x00000212fd4548b0 JavaThread "Active Thread: Equinox Container: cfc2e59a-915b-4001-a212-1684af743d4d"        [_thread_blocked, id=4128, stack(0x0000001f83600000,0x0000001f83700000) (1024K)]
  0x00000212fd6fe310 JavaThread "Refresh Thread: Equinox Container: cfc2e59a-915b-4001-a212-1684af743d4d" daemon [_thread_blocked, id=13252, stack(0x0000001f83800000,0x0000001f83900000) (1024K)]
  0x00000212fd5bd420 JavaThread "Framework Event Dispatcher: Equinox Container: cfc2e59a-915b-4001-a212-1684af743d4d" daemon [_thread_blocked, id=12188, stack(0x0000001f83900000,0x0000001f83a00000) (1024K)]
  0x00000212fd5bde50 JavaThread "Start Level: Equinox Container: cfc2e59a-915b-4001-a212-1684af743d4d" daemon [_thread_blocked, id=30028, stack(0x0000001f83a00000,0x0000001f83b00000) (1024K)]
  0x00000212fd243160 JavaThread "Bundle File Closer"         daemon [_thread_blocked, id=21756, stack(0x0000001f83b00000,0x0000001f83c00000) (1024K)]
  0x00000212fdb4b390 JavaThread "SCR Component Actor"        daemon [_thread_blocked, id=30216, stack(0x0000001f83c00000,0x0000001f83d00000) (1024K)]
  0x00000212fdbbcf00 JavaThread "Worker-JM"                         [_thread_blocked, id=15980, stack(0x0000001f83d00000,0x0000001f83e00000) (1024K)]
  0x00000212fdbbfcf0 JavaThread "JNA Cleaner"                daemon [_thread_blocked, id=17980, stack(0x0000001f83e00000,0x0000001f83f00000) (1024K)]
  0x00000212fdbc0380 JavaThread "Worker-0"                          [_thread_blocked, id=29908, stack(0x0000001f83f00000,0x0000001f84000000) (1024K)]
  0x00000212fdbbd590 JavaThread "Worker-1"                          [_thread_blocked, id=17876, stack(0x0000001f84000000,0x0000001f84100000) (1024K)]
  0x00000212fdbbe940 JavaThread "Worker-2"                          [_thread_blocked, id=13456, stack(0x0000001f82100000,0x0000001f82200000) (1024K)]
  0x00000212fdbbdc20 JavaThread "Java indexing"              daemon [_thread_blocked, id=14588, stack(0x0000001f84100000,0x0000001f84200000) (1024K)]
  0x00000212fdbbe2b0 JavaThread "Worker-3"                          [_thread_blocked, id=14404, stack(0x0000001f84500000,0x0000001f84600000) (1024K)]
  0x00000212fdbbefd0 JavaThread "Worker-4: Initialize Workspace"        [_thread_in_native, id=32144, stack(0x0000001f84600000,0x0000001f84700000) (1024K)]
  0x00000212fef295c0 JavaThread "Thread-1"                   daemon [_thread_in_native, id=11644, stack(0x0000001f84700000,0x0000001f84800000) (1024K)]
  0x00000212fef28f30 JavaThread "Thread-2"                   daemon [_thread_in_native, id=30300, stack(0x0000001f84800000,0x0000001f84900000) (1024K)]
  0x00000212fef288a0 JavaThread "Thread-3"                   daemon [_thread_in_native, id=30044, stack(0x0000001f84900000,0x0000001f84a00000) (1024K)]
  0x00000212fef274f0 JavaThread "Thread-4"                   daemon [_thread_in_native, id=13340, stack(0x0000001f84a00000,0x0000001f84b00000) (1024K)]
  0x00000212fef29c50 JavaThread "Thread-5"                   daemon [_thread_in_native, id=2788, stack(0x0000001f84b00000,0x0000001f84c00000) (1024K)]
  0x00000212fef28210 JavaThread "Thread-6"                   daemon [_thread_in_native, id=1088, stack(0x0000001f84c00000,0x0000001f84d00000) (1024K)]
  0x00000212fef2a2e0 JavaThread "Thread-7"                   daemon [_thread_in_native, id=29772, stack(0x0000001f84d00000,0x0000001f84e00000) (1024K)]
  0x00000212fef27b80 JavaThread "Thread-8"                   daemon [_thread_in_native, id=15108, stack(0x0000001f84e00000,0x0000001f84f00000) (1024K)]
  0x00000212fef26e60 JavaThread "Thread-9"                   daemon [_thread_in_native, id=21872, stack(0x0000001f84f00000,0x0000001f85000000) (1024K)]
  0x00000212fef2ca40 JavaThread "pool-2-thread-1"                   [_thread_blocked, id=16024, stack(0x0000001f85000000,0x0000001f85100000) (1024K)]
  0x00000212fef2a970 JavaThread "WorkspaceEventsHandler"            [_thread_blocked, id=13804, stack(0x0000001f85100000,0x0000001f85200000) (1024K)]
  0x00000212fef2d0d0 JavaThread "pool-1-thread-1"                   [_thread_blocked, id=21660, stack(0x0000001f85200000,0x0000001f85300000) (1024K)]
  0x00000212fef2ddf0 JavaThread "ForkJoinPool.commonPool-worker-1" daemon [_thread_blocked, id=16136, stack(0x0000001f84200000,0x0000001f84300000) (1024K)]
  0x00000212fef2d760 JavaThread "ForkJoinPool.commonPool-worker-2" daemon [_thread_blocked, id=16944, stack(0x0000001f85300000,0x0000001f85400000) (1024K)]
  0x00000212fef2e480 JavaThread "ForkJoinPool.commonPool-worker-3" daemon [_thread_blocked, id=14364, stack(0x0000001f85400000,0x0000001f85500000) (1024K)]
  0x00000212fef2b690 JavaThread "ForkJoinPool.commonPool-worker-4" daemon [_thread_blocked, id=9804, stack(0x0000001f85500000,0x0000001f85600000) (1024K)]
  0x00000212fef2bd20 JavaThread "ForkJoinPool.commonPool-worker-5" daemon [_thread_blocked, id=916, stack(0x0000001f85600000,0x0000001f85700000) (1024K)]
  0x00000212fef2c3b0 JavaThread "ForkJoinPool.commonPool-worker-6" daemon [_thread_blocked, id=22092, stack(0x0000001f85700000,0x0000001f85800000) (1024K)]
  0x00000212d01e2b20 JavaThread "ForkJoinPool.commonPool-worker-7" daemon [_thread_blocked, id=28540, stack(0x0000001f85800000,0x0000001f85900000) (1024K)]
Total: 44

Other Threads:
  0x00000212f6dbfcb0 VMThread "VM Thread"                           [id=32600, stack(0x0000001f82500000,0x0000001f82600000) (1024K)]
  0x00000212f6cfca00 WatcherThread "VM Periodic Task Thread"        [id=17112, stack(0x0000001f82400000,0x0000001f82500000) (1024K)]
  0x00000212ef38a6f0 WorkerThread "GC Thread#0"                     [id=19052, stack(0x0000001f82300000,0x0000001f82400000) (1024K)]
  0x00000212f8a5c2b0 WorkerThread "GC Thread#1"                     [id=29724, stack(0x0000001f83000000,0x0000001f83100000) (1024K)]
  0x00000212fd059be0 WorkerThread "GC Thread#2"                     [id=15236, stack(0x0000001f83100000,0x0000001f83200000) (1024K)]
  0x00000212fd34cc20 WorkerThread "GC Thread#3"                     [id=15104, stack(0x0000001f83200000,0x0000001f83300000) (1024K)]
  0x00000212fd34cfc0 WorkerThread "GC Thread#4"                     [id=26768, stack(0x0000001f83300000,0x0000001f83400000) (1024K)]
  0x00000212fd2f8120 WorkerThread "GC Thread#5"                     [id=4092, stack(0x0000001f83400000,0x0000001f83500000) (1024K)]
  0x00000212fd2f84c0 WorkerThread "GC Thread#6"                     [id=17820, stack(0x0000001f83500000,0x0000001f83600000) (1024K)]
  0x00000212fd59cc60 WorkerThread "GC Thread#7"                     [id=6528, stack(0x0000001f83700000,0x0000001f83800000) (1024K)]
Total: 10

Threads with active compile tasks:
C2 CompilerThread0  93367 6600   !   4       org.eclipse.osgi.internal.loader.BundleLoader::findClass0 (490 bytes)
Total: 1

VM state: not at safepoint (normal execution)

VM Mutex/Monitor currently owned by a thread: None

Heap address: 0x0000000080000000, size: 2048 MB, Compressed Oops mode: 32-bit

CDS archive(s) mapped at: [0x000002128f000000-0x000002128fba0000-0x000002128fba0000), size 12189696, SharedBaseAddress: 0x000002128f000000, ArchiveRelocationMode: 1.
Compressed class space mapped at: 0x0000021290000000-0x00000212d0000000, reserved size: 1073741824
Narrow klass base: 0x000002128f000000, Narrow klass shift: 0, Narrow klass range: 0x100000000

GC Precious Log:
 CardTable entry size: 512
 CPUs: 8 total, 8 available
 Memory: 5965M
 Large Page Support: Disabled
 NUMA Support: Disabled
 Compressed Oops: Enabled (32-bit)
 Alignments: Space 512K, Generation 512K, Heap 2M
 Heap Min Capacity: 100M
 Heap Initial Capacity: 100M
 Heap Max Capacity: 2G
 Pre-touch: Disabled
 Parallel Workers: 8

Heap:
 PSYoungGen      total 17920K, used 10163K [0x00000000d5580000, 0x00000000d7a00000, 0x0000000100000000)
  eden space 15360K, 49% used [0x00000000d5580000,0x00000000d5cf27b0,0x00000000d6480000)
  from space 2560K, 99% used [0x00000000d6c80000,0x00000000d6efa820,0x00000000d6f00000)
  to   space 8192K, 0% used [0x00000000d6480000,0x00000000d6480000,0x00000000d6c80000)
 ParOldGen       total 68608K, used 27995K [0x0000000080000000, 0x0000000084300000, 0x00000000d5580000)
  object space 68608K, 40% used [0x0000000080000000,0x0000000081b56e98,0x0000000084300000)
 Metaspace       used 46842K, committed 48000K, reserved 1114112K
  class space    used 5103K, committed 5568K, reserved 1048576K

Card table byte_map: [0x00000212eed10000,0x00000212ef120000] _byte_map_base: 0x00000212ee910000

Marking Bits: (ParMarkBitMap*) 0x00007ffc10ca2460
 Begin Bits: [0x00000212f2820000, 0x00000212f4820000)
 End Bits:   [0x00000212f4820000, 0x00000212f6820000)

Polling page: 0x00000212ed530000

Metaspace:

Usage:
  Non-class:     40.76 MB used.
      Class:      4.98 MB used.
       Both:     45.74 MB used.

Virtual space:
  Non-class space:       64.00 MB reserved,      41.44 MB ( 65%) committed,  1 nodes.
      Class space:        1.00 GB reserved,       5.44 MB ( <1%) committed,  1 nodes.
             Both:        1.06 GB reserved,      46.88 MB (  4%) committed. 

Chunk freelists:
   Non-Class:  6.45 MB
       Class:  10.44 MB
        Both:  16.89 MB

MaxMetaspaceSize: unlimited
CompressedClassSpaceSize: 1.00 GB
Initial GC threshold: 21.00 MB
Current GC threshold: 58.38 MB
CDS: on
 - commit_granule_bytes: 65536.
 - commit_granule_words: 8192.
 - virtual_space_node_default_size: 8388608.
 - enlarge_chunks_in_place: 1.
 - use_allocation_guard: 0.


Internal statistics:

num_allocs_failed_limit: 6.
num_arena_births: 964.
num_arena_deaths: 14.
num_vsnodes_births: 2.
num_vsnodes_deaths: 0.
num_space_committed: 750.
num_space_uncommitted: 0.
num_chunks_returned_to_freelist: 20.
num_chunks_taken_from_freelist: 3186.
num_chunk_merges: 12.
num_chunk_splits: 1916.
num_chunks_enlarged: 977.
num_inconsistent_stats: 0.

CodeHeap 'non-profiled nmethods': size=120000Kb used=3194Kb max_used=3194Kb free=116805Kb
 bounds [0x0000021287ad0000, 0x0000021287df0000, 0x000002128f000000]
CodeHeap 'profiled nmethods': size=120000Kb used=12882Kb max_used=12882Kb free=107117Kb
 bounds [0x0000021280000000, 0x0000021280ca0000, 0x0000021287530000]
CodeHeap 'non-nmethods': size=5760Kb used=1366Kb max_used=1435Kb free=4393Kb
 bounds [0x0000021287530000, 0x00000212877a0000, 0x0000021287ad0000]
CodeCache: size=245760Kb, used=17442Kb, max_used=17511Kb, free=228315Kb
 total_blobs=6739, nmethods=6074, adapters=571, full_count=0
Compilation: enabled, stopped_count=0, restarted_count=0

Compilation events (20 events):
Event: 92.329 Thread 0x00000212f86c8230 nmethod 6666 0x0000021287dece90 code [0x0000021287ded020, 0x0000021287ded0f0]
Event: 92.329 Thread 0x00000212f86c8230 6667       1       java.nio.file.FileTreeWalker$DirectoryNode::iterator (5 bytes)
Event: 92.329 Thread 0x00000212f86c8230 nmethod 6667 0x0000021287ded190 code [0x0000021287ded320, 0x0000021287ded3e8]
Event: 92.360 Thread 0x00000212f86c8230 6668       1       java.nio.file.FileTreeWalker$Event::attributes (5 bytes)
Event: 92.361 Thread 0x00000212f86c8230 nmethod 6668 0x0000021287ded490 code [0x0000021287ded620, 0x0000021287ded6e8]
Event: 92.361 Thread 0x00000212f86c8230 6669       3       java.util.ArrayDeque::size (17 bytes)
Event: 92.361 Thread 0x00000212f86c8230 nmethod 6669 0x0000021280c8c490 code [0x0000021280c8c640, 0x0000021280c8c7e8]
Event: 92.361 Thread 0x00000212f86c8230 6670       3       java.util.ArrayDeque::sub (14 bytes)
Event: 92.361 Thread 0x00000212f86c8230 nmethod 6670 0x0000021280c8c910 code [0x0000021280c8caa0, 0x0000021280c8cbc0]
Event: 92.377 Thread 0x00000212f86c8230 6672       1       sun.nio.fs.WindowsNativeDispatcher$FirstFile::handle (5 bytes)
Event: 92.378 Thread 0x00000212f86c8230 nmethod 6672 0x0000021287dedb90 code [0x0000021287dedd20, 0x0000021287dedde8]
Event: 92.378 Thread 0x00000212f86c8230 6673       1       sun.nio.fs.WindowsNativeDispatcher$FirstFile::name (5 bytes)
Event: 92.378 Thread 0x00000212f86c8230 nmethod 6673 0x0000021287dede90 code [0x0000021287dee020, 0x0000021287dee0e8]
Event: 92.382 Thread 0x00000212f86c8230 6674       3       java.nio.file.Files::isSameFile (10 bytes)
Event: 92.383 Thread 0x00000212f86c8230 nmethod 6674 0x0000021280c8cc90 code [0x0000021280c8ce60, 0x0000021280c8d0f8]
Event: 92.383 Thread 0x00000212f86c8230 6675   !   3       sun.nio.fs.WindowsFileSystemProvider::isSameFile (180 bytes)
Event: 92.384 Thread 0x00000212f86c8230 nmethod 6675 0x0000021280c8d290 code [0x0000021280c8d620, 0x0000021280c8ede8]
Event: 92.384 Thread 0x00000212f86c8230 6676       3       sun.nio.fs.WindowsFileAttributes::isSameFile (39 bytes)
Event: 92.385 Thread 0x00000212f86c8230 nmethod 6676 0x0000021280c8f710 code [0x0000021280c8f8c0, 0x0000021280c8fa78]
Event: 93.312 Thread 0x00000212f86c8230 6678       1       java.nio.file.FileTreeWalker$DirectoryNode::stream (5 bytes)

GC Heap History (20 events):
Event: 36.602 GC heap before
{Heap before GC invocations=11 (full 1):
 PSYoungGen      total 25600K, used 25441K [0x00000000d5580000, 0x00000000d7300000, 0x0000000100000000)
  eden space 23552K, 100% used [0x00000000d5580000,0x00000000d6c80000,0x00000000d6c80000)
  from space 2048K, 92% used [0x00000000d6e80000,0x00000000d70586f8,0x00000000d7080000)
  to   space 2560K, 0% used [0x00000000d7080000,0x00000000d7080000,0x00000000d7300000)
 ParOldGen       total 68608K, used 13151K [0x0000000080000000, 0x0000000084300000, 0x00000000d5580000)
  object space 68608K, 19% used [0x0000000080000000,0x0000000080cd7e80,0x0000000084300000)
 Metaspace       used 29209K, committed 30272K, reserved 1114112K
  class space    used 2967K, committed 3392K, reserved 1048576K
}
Event: 36.610 GC heap after
{Heap after GC invocations=11 (full 1):
 PSYoungGen      total 25600K, used 2536K [0x00000000d5580000, 0x00000000d7400000, 0x0000000100000000)
  eden space 23040K, 0% used [0x00000000d5580000,0x00000000d5580000,0x00000000d6c00000)
  from space 2560K, 99% used [0x00000000d7080000,0x00000000d72fa2b0,0x00000000d7300000)
  to   space 4096K, 0% used [0x00000000d6c00000,0x00000000d6c00000,0x00000000d7000000)
 ParOldGen       total 68608K, used 14310K [0x0000000080000000, 0x0000000084300000, 0x00000000d5580000)
  object space 68608K, 20% used [0x0000000080000000,0x0000000080df9a68,0x0000000084300000)
 Metaspace       used 29209K, committed 30272K, reserved 1114112K
  class space    used 2967K, committed 3392K, reserved 1048576K
}
Event: 37.728 GC heap before
{Heap before GC invocations=12 (full 1):
 PSYoungGen      total 25600K, used 25576K [0x00000000d5580000, 0x00000000d7400000, 0x0000000100000000)
  eden space 23040K, 100% used [0x00000000d5580000,0x00000000d6c00000,0x00000000d6c00000)
  from space 2560K, 99% used [0x00000000d7080000,0x00000000d72fa2b0,0x00000000d7300000)
  to   space 4096K, 0% used [0x00000000d6c00000,0x00000000d6c00000,0x00000000d7000000)
 ParOldGen       total 68608K, used 14310K [0x0000000080000000, 0x0000000084300000, 0x00000000d5580000)
  object space 68608K, 20% used [0x0000000080000000,0x0000000080df9a68,0x0000000084300000)
 Metaspace       used 30282K, committed 31232K, reserved 1114112K
  class space    used 3106K, committed 3520K, reserved 1048576K
}
Event: 37.740 GC heap after
{Heap after GC invocations=12 (full 1):
 PSYoungGen      total 24064K, used 1265K [0x00000000d5580000, 0x00000000d7100000, 0x0000000100000000)
  eden space 22528K, 0% used [0x00000000d5580000,0x00000000d5580000,0x00000000d6b80000)
  from space 1536K, 82% used [0x00000000d6c00000,0x00000000d6d3c6f8,0x00000000d6d80000)
  to   space 2560K, 0% used [0x00000000d6e80000,0x00000000d6e80000,0x00000000d7100000)
 ParOldGen       total 68608K, used 16792K [0x0000000080000000, 0x0000000084300000, 0x00000000d5580000)
  object space 68608K, 24% used [0x0000000080000000,0x0000000081066338,0x0000000084300000)
 Metaspace       used 30282K, committed 31232K, reserved 1114112K
  class space    used 3106K, committed 3520K, reserved 1048576K
}
Event: 39.477 GC heap before
{Heap before GC invocations=13 (full 1):
 PSYoungGen      total 24064K, used 23783K [0x00000000d5580000, 0x00000000d7100000, 0x0000000100000000)
  eden space 22528K, 99% used [0x00000000d5580000,0x00000000d6b7d820,0x00000000d6b80000)
  from space 1536K, 82% used [0x00000000d6c00000,0x00000000d6d3c6f8,0x00000000d6d80000)
  to   space 2560K, 0% used [0x00000000d6e80000,0x00000000d6e80000,0x00000000d7100000)
 ParOldGen       total 68608K, used 16792K [0x0000000080000000, 0x0000000084300000, 0x00000000d5580000)
  object space 68608K, 24% used [0x0000000080000000,0x0000000081066338,0x0000000084300000)
 Metaspace       used 32145K, committed 33216K, reserved 1114112K
  class space    used 3309K, committed 3776K, reserved 1048576K
}
Event: 39.481 GC heap after
{Heap after GC invocations=13 (full 1):
 PSYoungGen      total 23552K, used 1205K [0x00000000d5580000, 0x00000000d7000000, 0x0000000100000000)
  eden space 22016K, 0% used [0x00000000d5580000,0x00000000d5580000,0x00000000d6b00000)
  from space 1536K, 78% used [0x00000000d6e80000,0x00000000d6fad6b0,0x00000000d7000000)
  to   space 1536K, 0% used [0x00000000d6d00000,0x00000000d6d00000,0x00000000d6e80000)
 ParOldGen       total 68608K, used 17336K [0x0000000080000000, 0x0000000084300000, 0x00000000d5580000)
  object space 68608K, 25% used [0x0000000080000000,0x00000000810ee388,0x0000000084300000)
 Metaspace       used 32145K, committed 33216K, reserved 1114112K
  class space    used 3309K, committed 3776K, reserved 1048576K
}
Event: 41.615 GC heap before
{Heap before GC invocations=14 (full 1):
 PSYoungGen      total 23552K, used 22605K [0x00000000d5580000, 0x00000000d7000000, 0x0000000100000000)
  eden space 22016K, 97% used [0x00000000d5580000,0x00000000d6a65d58,0x00000000d6b00000)
  from space 1536K, 78% used [0x00000000d6e80000,0x00000000d6fad6b0,0x00000000d7000000)
  to   space 1536K, 0% used [0x00000000d6d00000,0x00000000d6d00000,0x00000000d6e80000)
 ParOldGen       total 68608K, used 17336K [0x0000000080000000, 0x0000000084300000, 0x00000000d5580000)
  object space 68608K, 25% used [0x0000000080000000,0x00000000810ee388,0x0000000084300000)
 Metaspace       used 34816K, committed 35840K, reserved 1114112K
  class space    used 3611K, committed 4032K, reserved 1048576K
}
Event: 41.620 GC heap after
{Heap after GC invocations=14 (full 1):
 PSYoungGen      total 23552K, used 1069K [0x00000000d5580000, 0x00000000d6f00000, 0x0000000100000000)
  eden space 22016K, 0% used [0x00000000d5580000,0x00000000d5580000,0x00000000d6b00000)
  from space 1536K, 69% used [0x00000000d6d00000,0x00000000d6e0b460,0x00000000d6e80000)
  to   space 512K, 0% used [0x00000000d6e80000,0x00000000d6e80000,0x00000000d6f00000)
 ParOldGen       total 68608K, used 18302K [0x0000000080000000, 0x0000000084300000, 0x00000000d5580000)
  object space 68608K, 26% used [0x0000000080000000,0x00000000811dfa38,0x0000000084300000)
 Metaspace       used 34816K, committed 35840K, reserved 1114112K
  class space    used 3611K, committed 4032K, reserved 1048576K
}
Event: 41.620 GC heap before
{Heap before GC invocations=15 (full 2):
 PSYoungGen      total 23552K, used 1069K [0x00000000d5580000, 0x00000000d6f00000, 0x0000000100000000)
  eden space 22016K, 0% used [0x00000000d5580000,0x00000000d5580000,0x00000000d6b00000)
  from space 1536K, 69% used [0x00000000d6d00000,0x00000000d6e0b460,0x00000000d6e80000)
  to   space 512K, 0% used [0x00000000d6e80000,0x00000000d6e80000,0x00000000d6f00000)
 ParOldGen       total 68608K, used 18302K [0x0000000080000000, 0x0000000084300000, 0x00000000d5580000)
  object space 68608K, 26% used [0x0000000080000000,0x00000000811dfa38,0x0000000084300000)
 Metaspace       used 34816K, committed 35840K, reserved 1114112K
  class space    used 3611K, committed 4032K, reserved 1048576K
}
Event: 41.703 GC heap after
{Heap after GC invocations=15 (full 2):
 PSYoungGen      total 23552K, used 0K [0x00000000d5580000, 0x00000000d6f00000, 0x0000000100000000)
  eden space 22016K, 0% used [0x00000000d5580000,0x00000000d5580000,0x00000000d6b00000)
  from space 1536K, 0% used [0x00000000d6d00000,0x00000000d6d00000,0x00000000d6e80000)
  to   space 512K, 0% used [0x00000000d6e80000,0x00000000d6e80000,0x00000000d6f00000)
 ParOldGen       total 68608K, used 18762K [0x0000000080000000, 0x0000000084300000, 0x00000000d5580000)
  object space 68608K, 27% used [0x0000000080000000,0x0000000081252bf8,0x0000000084300000)
 Metaspace       used 34816K, committed 35840K, reserved 1114112K
  class space    used 3611K, committed 4032K, reserved 1048576K
}
Event: 43.228 GC heap before
{Heap before GC invocations=16 (full 2):
 PSYoungGen      total 23552K, used 22016K [0x00000000d5580000, 0x00000000d6f00000, 0x0000000100000000)
  eden space 22016K, 100% used [0x00000000d5580000,0x00000000d6b00000,0x00000000d6b00000)
  from space 1536K, 0% used [0x00000000d6d00000,0x00000000d6d00000,0x00000000d6e80000)
  to   space 512K, 0% used [0x00000000d6e80000,0x00000000d6e80000,0x00000000d6f00000)
 ParOldGen       total 68608K, used 18762K [0x0000000080000000, 0x0000000084300000, 0x00000000d5580000)
  object space 68608K, 27% used [0x0000000080000000,0x0000000081252bf8,0x0000000084300000)
 Metaspace       used 37132K, committed 38208K, reserved 1114112K
  class space    used 3923K, committed 4352K, reserved 1048576K
}
Event: 43.234 GC heap after
{Heap after GC invocations=16 (full 2):
 PSYoungGen      total 22528K, used 509K [0x00000000d5580000, 0x00000000d6f00000, 0x0000000100000000)
  eden space 22016K, 0% used [0x00000000d5580000,0x00000000d5580000,0x00000000d6b00000)
  from space 512K, 99% used [0x00000000d6e80000,0x00000000d6eff5f0,0x00000000d6f00000)
  to   space 1536K, 0% used [0x00000000d6c00000,0x00000000d6c00000,0x00000000d6d80000)
 ParOldGen       total 68608K, used 19628K [0x0000000080000000, 0x0000000084300000, 0x00000000d5580000)
  object space 68608K, 28% used [0x0000000080000000,0x000000008132b018,0x0000000084300000)
 Metaspace       used 37132K, committed 38208K, reserved 1114112K
  class space    used 3923K, committed 4352K, reserved 1048576K
}
Event: 45.028 GC heap before
{Heap before GC invocations=17 (full 2):
 PSYoungGen      total 22528K, used 22525K [0x00000000d5580000, 0x00000000d6f00000, 0x0000000100000000)
  eden space 22016K, 100% used [0x00000000d5580000,0x00000000d6b00000,0x00000000d6b00000)
  from space 512K, 99% used [0x00000000d6e80000,0x00000000d6eff5f0,0x00000000d6f00000)
  to   space 1536K, 0% used [0x00000000d6c00000,0x00000000d6c00000,0x00000000d6d80000)
 ParOldGen       total 68608K, used 19628K [0x0000000080000000, 0x0000000084300000, 0x00000000d5580000)
  object space 68608K, 28% used [0x0000000080000000,0x000000008132b018,0x0000000084300000)
 Metaspace       used 39815K, committed 41024K, reserved 1114112K
  class space    used 4234K, committed 4736K, reserved 1048576K
}
Event: 45.034 GC heap after
{Heap after GC invocations=17 (full 2):
 PSYoungGen      total 23552K, used 1481K [0x00000000d5580000, 0x00000000d6f00000, 0x0000000100000000)
  eden space 22016K, 0% used [0x00000000d5580000,0x00000000d5580000,0x00000000d6b00000)
  from space 1536K, 96% used [0x00000000d6c00000,0x00000000d6d72588,0x00000000d6d80000)
  to   space 1536K, 0% used [0x00000000d6d80000,0x00000000d6d80000,0x00000000d6f00000)
 ParOldGen       total 68608K, used 20158K [0x0000000080000000, 0x0000000084300000, 0x00000000d5580000)
  object space 68608K, 29% used [0x0000000080000000,0x00000000813afa18,0x0000000084300000)
 Metaspace       used 39815K, committed 41024K, reserved 1114112K
  class space    used 4234K, committed 4736K, reserved 1048576K
}
Event: 47.047 GC heap before
{Heap before GC invocations=18 (full 2):
 PSYoungGen      total 23552K, used 23497K [0x00000000d5580000, 0x00000000d6f00000, 0x0000000100000000)
  eden space 22016K, 100% used [0x00000000d5580000,0x00000000d6b00000,0x00000000d6b00000)
  from space 1536K, 96% used [0x00000000d6c00000,0x00000000d6d72588,0x00000000d6d80000)
  to   space 1536K, 0% used [0x00000000d6d80000,0x00000000d6d80000,0x00000000d6f00000)
 ParOldGen       total 68608K, used 20158K [0x0000000080000000, 0x0000000084300000, 0x00000000d5580000)
  object space 68608K, 29% used [0x0000000080000000,0x00000000813afa18,0x0000000084300000)
 Metaspace       used 42131K, committed 43392K, reserved 1114112K
  class space    used 4564K, committed 5056K, reserved 1048576K
}
Event: 47.052 GC heap after
{Heap after GC invocations=18 (full 2):
 PSYoungGen      total 22528K, used 1536K [0x00000000d5580000, 0x00000000d7200000, 0x0000000100000000)
  eden space 20992K, 0% used [0x00000000d5580000,0x00000000d5580000,0x00000000d6a00000)
  from space 1536K, 100% used [0x00000000d6d80000,0x00000000d6f00000,0x00000000d6f00000)
  to   space 3584K, 0% used [0x00000000d6a00000,0x00000000d6a00000,0x00000000d6d80000)
 ParOldGen       total 68608K, used 21856K [0x0000000080000000, 0x0000000084300000, 0x00000000d5580000)
  object space 68608K, 31% used [0x0000000080000000,0x00000000815581f0,0x0000000084300000)
 Metaspace       used 42131K, committed 43392K, reserved 1114112K
  class space    used 4564K, committed 5056K, reserved 1048576K
}
Event: 49.565 GC heap before
{Heap before GC invocations=19 (full 2):
 PSYoungGen      total 22528K, used 22528K [0x00000000d5580000, 0x00000000d7200000, 0x0000000100000000)
  eden space 20992K, 100% used [0x00000000d5580000,0x00000000d6a00000,0x00000000d6a00000)
  from space 1536K, 100% used [0x00000000d6d80000,0x00000000d6f00000,0x00000000d6f00000)
  to   space 3584K, 0% used [0x00000000d6a00000,0x00000000d6a00000,0x00000000d6d80000)
 ParOldGen       total 68608K, used 21856K [0x0000000080000000, 0x0000000084300000, 0x00000000d5580000)
  object space 68608K, 31% used [0x0000000080000000,0x00000000815581f0,0x0000000084300000)
 Metaspace       used 44774K, committed 45952K, reserved 1114112K
  class space    used 4866K, committed 5376K, reserved 1048576K
}
Event: 49.573 GC heap after
{Heap after GC invocations=19 (full 2):
 PSYoungGen      total 22528K, used 1472K [0x00000000d5580000, 0x00000000d6f00000, 0x0000000100000000)
  eden space 20992K, 0% used [0x00000000d5580000,0x00000000d5580000,0x00000000d6a00000)
  from space 1536K, 95% used [0x00000000d6a00000,0x00000000d6b70000,0x00000000d6b80000)
  to   space 2560K, 0% used [0x00000000d6c80000,0x00000000d6c80000,0x00000000d6f00000)
 ParOldGen       total 68608K, used 23344K [0x0000000080000000, 0x0000000084300000, 0x00000000d5580000)
  object space 68608K, 34% used [0x0000000080000000,0x00000000816cc1f0,0x0000000084300000)
 Metaspace       used 44774K, committed 45952K, reserved 1114112K
  class space    used 4866K, committed 5376K, reserved 1048576K
}
Event: 89.082 GC heap before
{Heap before GC invocations=20 (full 2):
 PSYoungGen      total 22528K, used 22464K [0x00000000d5580000, 0x00000000d6f00000, 0x0000000100000000)
  eden space 20992K, 100% used [0x00000000d5580000,0x00000000d6a00000,0x00000000d6a00000)
  from space 1536K, 95% used [0x00000000d6a00000,0x00000000d6b70000,0x00000000d6b80000)
  to   space 2560K, 0% used [0x00000000d6c80000,0x00000000d6c80000,0x00000000d6f00000)
 ParOldGen       total 68608K, used 23344K [0x0000000080000000, 0x0000000084300000, 0x00000000d5580000)
  object space 68608K, 34% used [0x0000000080000000,0x00000000816cc1f0,0x0000000084300000)
 Metaspace       used 46048K, committed 47232K, reserved 1114112K
  class space    used 5021K, committed 5504K, reserved 1048576K
}
Event: 90.152 GC heap after
{Heap after GC invocations=20 (full 2):
 PSYoungGen      total 17920K, used 2538K [0x00000000d5580000, 0x00000000d7a00000, 0x0000000100000000)
  eden space 15360K, 0% used [0x00000000d5580000,0x00000000d5580000,0x00000000d6480000)
  from space 2560K, 99% used [0x00000000d6c80000,0x00000000d6efa820,0x00000000d6f00000)
  to   space 8192K, 0% used [0x00000000d6480000,0x00000000d6480000,0x00000000d6c80000)
 ParOldGen       total 68608K, used 27995K [0x0000000080000000, 0x0000000084300000, 0x00000000d5580000)
  object space 68608K, 40% used [0x0000000080000000,0x0000000081b56e98,0x0000000084300000)
 Metaspace       used 46048K, committed 47232K, reserved 1114112K
  class space    used 5021K, committed 5504K, reserved 1048576K
}

Dll operation events (10 events):
Event: 0.022 Loaded shared library c:\Users\arivo\.vscode\extensions\redhat.java-1.52.0-win32-x64\jre\21.0.9-win32-x86_64\bin\java.dll
Event: 0.298 Loaded shared library c:\Users\arivo\.vscode\extensions\redhat.java-1.52.0-win32-x64\jre\21.0.9-win32-x86_64\bin\zip.dll
Event: 0.345 Loaded shared library C:\Users\arivo\.vscode\extensions\redhat.java-1.52.0-win32-x64\jre\21.0.9-win32-x86_64\bin\instrument.dll
Event: 0.357 Loaded shared library C:\Users\arivo\.vscode\extensions\redhat.java-1.52.0-win32-x64\jre\21.0.9-win32-x86_64\bin\net.dll
Event: 0.361 Loaded shared library C:\Users\arivo\.vscode\extensions\redhat.java-1.52.0-win32-x64\jre\21.0.9-win32-x86_64\bin\nio.dll
Event: 0.372 Loaded shared library C:\Users\arivo\.vscode\extensions\redhat.java-1.52.0-win32-x64\jre\21.0.9-win32-x86_64\bin\zip.dll
Event: 0.421 Loaded shared library C:\Users\arivo\.vscode\extensions\redhat.java-1.52.0-win32-x64\jre\21.0.9-win32-x86_64\bin\jimage.dll
Event: 0.802 Loaded shared library c:\Users\arivo\.vscode\extensions\redhat.java-1.52.0-win32-x64\jre\21.0.9-win32-x86_64\bin\verify.dll
Event: 4.787 Loaded shared library C:\Users\arivo\AppData\Roaming\Code\User\globalStorage\redhat.java\1.52.0\config_win\org.eclipse.equinox.launcher\org.eclipse.equinox.launcher.win32.win32.x86_64_1.2.1500.v20260121-1430\eclipse_11919.dll
Event: 26.081 Loaded shared library C:\Users\arivo\AppData\Local\Temp\jna-76268\jna17936307309012414803.dll

Deoptimization events (20 events):
Event: 87.486 Thread 0x00000212fef2d0d0 Uncommon trap: trap_request=0xffffff45 fr.pc=0x0000021287d13fc8 relative=0x0000000000004668
Event: 87.487 Thread 0x00000212fef2d0d0 Uncommon trap: reason=unstable_if action=reinterpret pc=0x0000021287d13fc8 method=org.eclipse.osgi.internal.loader.BundleLoader.getPackageName(Ljava/lang/String;)Ljava/lang/String; @ 12 c2
Event: 87.488 Thread 0x00000212fef2d0d0 DEOPT PACKING pc=0x0000021287d13fc8 sp=0x0000001f852fdbb0
Event: 87.489 Thread 0x00000212fef2d0d0 DEOPT UNPACKING pc=0x0000021287583aa2 sp=0x0000001f852fdb20 mode 2
Event: 87.548 Thread 0x00000212fef2d0d0 DEOPT PACKING pc=0x00000212804b6006 sp=0x0000001f852fdeb0
Event: 87.548 Thread 0x00000212fef2d0d0 DEOPT UNPACKING pc=0x0000021287584242 sp=0x0000001f852fd398 mode 0
Event: 88.003 Thread 0x00000212fef2d0d0 Uncommon trap: trap_request=0xffffff45 fr.pc=0x0000021287dcf3b8 relative=0x0000000000000798
Event: 88.003 Thread 0x00000212fef2d0d0 Uncommon trap: reason=unstable_if action=reinterpret pc=0x0000021287dcf3b8 method=com.google.gson.internal.LinkedTreeMap.put(Ljava/lang/Object;Ljava/lang/Object;)Ljava/lang/Object; @ 15 c2
Event: 88.003 Thread 0x00000212fef2d0d0 DEOPT PACKING pc=0x0000021287dcf3b8 sp=0x0000001f852fe230
Event: 88.004 Thread 0x00000212fef2d0d0 DEOPT UNPACKING pc=0x0000021287583aa2 sp=0x0000001f852fe1f0 mode 2
Event: 88.022 Thread 0x00000212fef2d0d0 Uncommon trap: trap_request=0xffffff45 fr.pc=0x0000021287dce2c4 relative=0x0000000000000724
Event: 88.022 Thread 0x00000212fef2d0d0 Uncommon trap: reason=unstable_if action=reinterpret pc=0x0000021287dce2c4 method=com.google.gson.internal.LinkedTreeMap.find(Ljava/lang/Object;Z)Lcom/google/gson/internal/LinkedTreeMap$Node; @ 72 c2
Event: 88.022 Thread 0x00000212fef2d0d0 DEOPT PACKING pc=0x0000021287dce2c4 sp=0x0000001f852fe590
Event: 88.022 Thread 0x00000212fef2d0d0 DEOPT UNPACKING pc=0x0000021287583aa2 sp=0x0000001f852fe538 mode 2
Event: 90.224 Thread 0x00000212fef2d0d0 Uncommon trap: trap_request=0xffffff45 fr.pc=0x0000021287c56cf0 relative=0x00000000000004f0
Event: 90.224 Thread 0x00000212fef2d0d0 Uncommon trap: reason=unstable_if action=reinterpret pc=0x0000021287c56cf0 method=java.util.concurrent.locks.ReentrantLock$Sync.lock()V @ 4 c2
Event: 90.224 Thread 0x00000212fef2d0d0 DEOPT PACKING pc=0x0000021287c56cf0 sp=0x0000001f852fc8c0
Event: 90.224 Thread 0x00000212fef2d0d0 DEOPT UNPACKING pc=0x0000021287583aa2 sp=0x0000001f852fc7c0 mode 2
Event: 90.894 Thread 0x00000212fdbbefd0 DEOPT PACKING pc=0x000002128034f046 sp=0x0000001f846feda0
Event: 90.894 Thread 0x00000212fdbbefd0 DEOPT UNPACKING pc=0x0000021287584242 sp=0x0000001f846fe320 mode 0

Classes loaded (20 events):
Event: 90.868 Loading class java/nio/file/FileTreeWalker$1
Event: 90.876 Loading class java/nio/file/FileTreeWalker$1 done
Event: 90.879 Loading class java/nio/file/FileTreeWalker$DirectoryNode
Event: 90.879 Loading class java/nio/file/FileTreeWalker$DirectoryNode done
Event: 90.881 Loading class java/nio/file/FileTreeWalker$Event
Event: 90.881 Loading class java/nio/file/FileTreeWalker$Event done
Event: 90.881 Loading class java/nio/file/FileTreeWalker$EventType
Event: 90.882 Loading class java/nio/file/FileTreeWalker$EventType done
Event: 90.882 Loading class java/nio/file/Files$3
Event: 90.882 Loading class java/nio/file/Files$3 done
Event: 90.885 Loading class sun/nio/fs/Globs
Event: 90.889 Loading class sun/nio/fs/Globs done
Event: 90.889 Loading class java/util/regex/Pattern$SliceU
Event: 90.891 Loading class java/util/regex/Pattern$SliceU done
Event: 90.891 Loading class sun/nio/fs/WindowsFileSystem$2
Event: 90.892 Loading class java/nio/file/PathMatcher
Event: 90.892 Loading class java/nio/file/PathMatcher done
Event: 90.892 Loading class sun/nio/fs/WindowsFileSystem$2 done
Event: 90.897 Loading class java/nio/file/FileVisitResult
Event: 90.897 Loading class java/nio/file/FileVisitResult done

Classes unloaded (7 events):
Event: 32.393 Thread 0x00000212f6dbfcb0 Unloading class 0x00000212901aac00 'java/lang/invoke/LambdaForm$MH+0x00000212901aac00'
Event: 32.393 Thread 0x00000212f6dbfcb0 Unloading class 0x00000212901aa800 'java/lang/invoke/LambdaForm$MH+0x00000212901aa800'
Event: 32.393 Thread 0x00000212f6dbfcb0 Unloading class 0x00000212901aa400 'java/lang/invoke/LambdaForm$MH+0x00000212901aa400'
Event: 32.394 Thread 0x00000212f6dbfcb0 Unloading class 0x00000212901aa000 'java/lang/invoke/LambdaForm$MH+0x00000212901aa000'
Event: 32.394 Thread 0x00000212f6dbfcb0 Unloading class 0x00000212901a9c00 'java/lang/invoke/LambdaForm$BMH+0x00000212901a9c00'
Event: 32.394 Thread 0x00000212f6dbfcb0 Unloading class 0x00000212901a9800 'java/lang/invoke/LambdaForm$DMH+0x00000212901a9800'
Event: 32.394 Thread 0x00000212f6dbfcb0 Unloading class 0x00000212901a8400 'java/lang/invoke/LambdaForm$DMH+0x00000212901a8400'

Classes redefined (0 events):
No events

Internal exceptions (20 events):
Event: 92.407 Thread 0x00000212fdbbefd0 Exception <a 'sun/nio/fs/WindowsException'{0x00000000d5c8b0f0}> (0x00000000d5c8b0f0) 
thrown [s\src\hotspot\share\prims\jni.cpp, line 520]
Event: 92.407 Thread 0x00000212fdbbefd0 Exception <a 'sun/nio/fs/WindowsException'{0x00000000d5c8b720}> (0x00000000d5c8b720) 
thrown [s\src\hotspot\share\prims\jni.cpp, line 520]
Event: 92.407 Thread 0x00000212fdbbefd0 Exception <a 'sun/nio/fs/WindowsException'{0x00000000d5c8bf90}> (0x00000000d5c8bf90) 
thrown [s\src\hotspot\share\prims\jni.cpp, line 520]
Event: 92.408 Thread 0x00000212fdbbefd0 Exception <a 'sun/nio/fs/WindowsException'{0x00000000d5c8c5e0}> (0x00000000d5c8c5e0) 
thrown [s\src\hotspot\share\prims\jni.cpp, line 520]
Event: 92.410 Thread 0x00000212fdbbefd0 Exception <a 'sun/nio/fs/WindowsException'{0x00000000d5c900d0}> (0x00000000d5c900d0) 
thrown [s\src\hotspot\share\prims\jni.cpp, line 520]
Event: 92.411 Thread 0x00000212fdbbefd0 Exception <a 'sun/nio/fs/WindowsException'{0x00000000d5c90998}> (0x00000000d5c90998) 
thrown [s\src\hotspot\share\prims\jni.cpp, line 520]
Event: 92.411 Thread 0x00000212fdbbefd0 Exception <a 'sun/nio/fs/WindowsException'{0x00000000d5c91018}> (0x00000000d5c91018) 
thrown [s\src\hotspot\share\prims\jni.cpp, line 520]
Event: 92.411 Thread 0x00000212fdbbefd0 Exception <a 'sun/nio/fs/WindowsException'{0x00000000d5c916b0}> (0x00000000d5c916b0) 
thrown [s\src\hotspot\share\prims\jni.cpp, line 520]
Event: 92.413 Thread 0x00000212fdbbefd0 Exception <a 'sun/nio/fs/WindowsException'{0x00000000d5c95ca0}> (0x00000000d5c95ca0) 
thrown [s\src\hotspot\share\prims\jni.cpp, line 520]
Event: 92.413 Thread 0x00000212fdbbefd0 Exception <a 'sun/nio/fs/WindowsException'{0x00000000d5c96300}> (0x00000000d5c96300) 
thrown [s\src\hotspot\share\prims\jni.cpp, line 520]
Event: 92.413 Thread 0x00000212fdbbefd0 Exception <a 'sun/nio/fs/WindowsException'{0x00000000d5c96960}> (0x00000000d5c96960) 
thrown [s\src\hotspot\share\prims\jni.cpp, line 520]
Event: 92.413 Thread 0x00000212fdbbefd0 Exception <a 'sun/nio/fs/WindowsException'{0x00000000d5c96fe0}> (0x00000000d5c96fe0) 
thrown [s\src\hotspot\share\prims\jni.cpp, line 520]
Event: 92.414 Thread 0x00000212fdbbefd0 Exception <a 'sun/nio/fs/WindowsException'{0x00000000d5c9b188}> (0x00000000d5c9b188) 
thrown [s\src\hotspot\share\prims\jni.cpp, line 520]
Event: 92.415 Thread 0x00000212fdbbefd0 Exception <a 'sun/nio/fs/WindowsException'{0x00000000d5c9b7e0}> (0x00000000d5c9b7e0) 
thrown [s\src\hotspot\share\prims\jni.cpp, line 520]
Event: 92.415 Thread 0x00000212fdbbefd0 Exception <a 'sun/nio/fs/WindowsException'{0x00000000d5c9be40}> (0x00000000d5c9be40) 
thrown [s\src\hotspot\share\prims\jni.cpp, line 520]
Event: 92.415 Thread 0x00000212fdbbefd0 Exception <a 'sun/nio/fs/WindowsException'{0x00000000d5c9c4b0}> (0x00000000d5c9c4b0) 
thrown [s\src\hotspot\share\prims\jni.cpp, line 520]
Event: 92.419 Thread 0x00000212fdbbefd0 Exception <a 'sun/nio/fs/WindowsException'{0x00000000d5ca1fe8}> (0x00000000d5ca1fe8) 
thrown [s\src\hotspot\share\prims\jni.cpp, line 520]
Event: 92.419 Thread 0x00000212fdbbefd0 Exception <a 'sun/nio/fs/WindowsException'{0x00000000d5ca2648}> (0x00000000d5ca2648) 
thrown [s\src\hotspot\share\prims\jni.cpp, line 520]
Event: 92.419 Thread 0x00000212fdbbefd0 Exception <a 'sun/nio/fs/WindowsException'{0x00000000d5ca2ca8}> (0x00000000d5ca2ca8) 
thrown [s\src\hotspot\share\prims\jni.cpp, line 520]
Event: 92.420 Thread 0x00000212fdbbefd0 Exception <a 'sun/nio/fs/WindowsException'{0x00000000d5ca3328}> (0x00000000d5ca3328) 
thrown [s\src\hotspot\share\prims\jni.cpp, line 520]

ZGC Phase Switch (0 events):
No events

VM Operations (20 events):
Event: 60.030 Executing VM operation: HandshakeAllThreads (HandshakeForDeflation) done
Event: 60.033 Executing VM operation: RendezvousGCThreads
Event: 60.033 Executing VM operation: RendezvousGCThreads done
Event: 67.108 Executing VM operation: Cleanup
Event: 67.109 Executing VM operation: Cleanup done
Event: 83.258 Executing VM operation: Cleanup
Event: 83.623 Executing VM operation: Cleanup done
Event: 86.646 Executing VM operation: Cleanup
Event: 86.662 Executing VM operation: Cleanup done
Event: 87.672 Executing VM operation: Cleanup
Event: 87.687 Executing VM operation: Cleanup done
Event: 87.965 Executing VM operation: HandshakeAllThreads (Deoptimize)
Event: 87.972 Executing VM operation: HandshakeAllThreads (Deoptimize) done
Event: 88.981 Executing VM operation: Cleanup
Event: 88.981 Executing VM operation: Cleanup done
Event: 89.081 Executing VM operation: ParallelGCFailedAllocation (Allocation Failure)
Event: 90.153 Executing VM operation: ParallelGCFailedAllocation (Allocation Failure) done
Event: 91.153 Executing VM operation: Cleanup
Event: 92.000 Executing VM operation: Cleanup done
Event: 93.014 Executing VM operation: Cleanup

Memory protections (0 events):
No events

Nmethod flushes (20 events):
Event: 41.663 Thread 0x00000212f6dbfcb0 flushing  nmethod 0x000002128064f510
Event: 41.663 Thread 0x00000212f6dbfcb0 flushing  nmethod 0x0000021280689110
Event: 41.663 Thread 0x00000212f6dbfcb0 flushing  nmethod 0x000002128068a590
Event: 41.663 Thread 0x00000212f6dbfcb0 flushing  nmethod 0x000002128068ae90
Event: 41.663 Thread 0x00000212f6dbfcb0 flushing  nmethod 0x000002128068c090
Event: 41.663 Thread 0x00000212f6dbfcb0 flushing  nmethod 0x000002128068c890
Event: 41.663 Thread 0x00000212f6dbfcb0 flushing  nmethod 0x000002128068e110
Event: 41.663 Thread 0x00000212f6dbfcb0 flushing  nmethod 0x000002128068fa10
Event: 41.663 Thread 0x00000212f6dbfcb0 flushing  nmethod 0x0000021280691b10
Event: 41.663 Thread 0x00000212f6dbfcb0 flushing  nmethod 0x0000021280692790
Event: 41.663 Thread 0x00000212f6dbfcb0 flushing  nmethod 0x0000021280692a90
Event: 41.663 Thread 0x00000212f6dbfcb0 flushing  nmethod 0x0000021280692f90
Event: 41.663 Thread 0x00000212f6dbfcb0 flushing  nmethod 0x00000212806e4210
Event: 41.663 Thread 0x00000212f6dbfcb0 flushing  nmethod 0x00000212806ea590
Event: 41.663 Thread 0x00000212f6dbfcb0 flushing  nmethod 0x000002128073da10
Event: 41.663 Thread 0x00000212f6dbfcb0 flushing  nmethod 0x0000021280745510
Event: 41.663 Thread 0x00000212f6dbfcb0 flushing  nmethod 0x000002128075e910
Event: 41.663 Thread 0x00000212f6dbfcb0 flushing  nmethod 0x0000021280772510
Event: 41.663 Thread 0x00000212f6dbfcb0 flushing  nmethod 0x00000212807b2490
Event: 41.663 Thread 0x00000212f6dbfcb0 flushing  nmethod 0x00000212807b2910

Events (20 events):
Event: 44.785 Thread 0x00000212ef36c4f0 Thread added: 0x00000212fef288a0
Event: 44.786 Thread 0x00000212ef36c4f0 Thread added: 0x00000212fef274f0
Event: 44.792 Thread 0x00000212ef36c4f0 Thread added: 0x00000212fef29c50
Event: 44.792 Thread 0x00000212ef36c4f0 Thread added: 0x00000212fef28210
Event: 44.793 Thread 0x00000212ef36c4f0 Thread added: 0x00000212fef2a2e0
Event: 44.794 Thread 0x00000212ef36c4f0 Thread added: 0x00000212fef27b80
Event: 44.795 Thread 0x00000212ef36c4f0 Thread added: 0x00000212fef26e60
Event: 45.113 Thread 0x00000212ef36c4f0 Thread added: 0x00000212fef2ca40
Event: 47.313 Thread 0x00000212ef36c4f0 Thread added: 0x00000212fef2a970
Event: 47.314 Thread 0x00000212ef36c4f0 Thread added: 0x00000212fef2d0d0
Event: 48.096 Thread 0x00000212f86c8230 Thread added: 0x00000212ff4d42c0
Event: 48.228 Thread 0x00000212ff4d42c0 Thread exited: 0x00000212ff4d42c0
Event: 49.807 Thread 0x00000212fe010520 Thread exited: 0x00000212fe010520
Event: 50.073 Thread 0x00000212fdbbd590 Thread added: 0x00000212fef2ddf0
Event: 50.077 Thread 0x00000212fdbbd590 Thread added: 0x00000212fef2d760
Event: 50.143 Thread 0x00000212fef2ddf0 Thread added: 0x00000212fef2e480
Event: 50.143 Thread 0x00000212fef2d760 Thread added: 0x00000212fef2b690
Event: 50.148 Thread 0x00000212fef2e480 Thread added: 0x00000212fef2bd20
Event: 50.149 Thread 0x00000212fef2b690 Thread added: 0x00000212fef2c3b0
Event: 50.165 Thread 0x00000212fef2bd20 Thread added: 0x00000212d01e2b20


Dynamic libraries:
0x00007ff7a9050000 - 0x00007ff7a905e000 	c:\Users\arivo\.vscode\extensions\redhat.java-1.52.0-win32-x64\jre\21.0.9-win32-x86_64\bin\java.exe
0x00007ffc7c940000 - 0x00007ffc7cba8000 	C:\WINDOWS\SYSTEM32\ntdll.dll
0x00007ffc7b810000 - 0x00007ffc7b8d9000 	C:\WINDOWS\System32\KERNEL32.DLL
0x00007ffc795d0000 - 0x00007ffc799c1000 	C:\WINDOWS\System32\KERNELBASE.dll
0x00007ffc7a300000 - 0x00007ffc7a44b000 	C:\WINDOWS\System32\ucrtbase.dll
0x00007ffc68800000 - 0x00007ffc68818000 	c:\Users\arivo\.vscode\extensions\redhat.java-1.52.0-win32-x64\jre\21.0.9-win32-x86_64\bin\jli.dll
0x00007ffc7c670000 - 0x00007ffc7c836000 	C:\WINDOWS\System32\USER32.dll
0x00007ffc79220000 - 0x00007ffc79247000 	C:\WINDOWS\System32\win32u.dll
0x00007ffc7c480000 - 0x00007ffc7c4ab000 	C:\WINDOWS\System32\GDI32.dll
0x00007ffc67640000 - 0x00007ffc6765e000 	c:\Users\arivo\.vscode\extensions\redhat.java-1.52.0-win32-x64\jre\21.0.9-win32-x86_64\bin\VCRUNTIME140.dll
0x00007ffc7a450000 - 0x00007ffc7a57b000 	C:\WINDOWS\System32\gdi32full.dll
0x00007ffc7a630000 - 0x00007ffc7a6d3000 	C:\WINDOWS\System32\msvcp_win.dll
0x00007ffc5b010000 - 0x00007ffc5b2a3000 	C:\WINDOWS\WinSxS\amd64_microsoft.windows.common-controls_6595b64144ccf1df_6.0.26100.7705_none_3e06597ae3363b04\COMCTL32.dll
0x00007ffc7c560000 - 0x00007ffc7c609000 	C:\WINDOWS\System32\msvcrt.dll
0x00007ffc7b7d0000 - 0x00007ffc7b801000 	C:\WINDOWS\System32\IMM32.DLL
0x00007ffc6aa70000 - 0x00007ffc6aa7c000 	c:\Users\arivo\.vscode\extensions\redhat.java-1.52.0-win32-x64\jre\21.0.9-win32-x86_64\bin\vcruntime140_1.dll
0x00007ffc2cbd0000 - 0x00007ffc2cc5d000 	c:\Users\arivo\.vscode\extensions\redhat.java-1.52.0-win32-x64\jre\21.0.9-win32-x86_64\bin\msvcp140.dll
0x00007ffc0ffe0000 - 0x00007ffc10d80000 	c:\Users\arivo\.vscode\extensions\redhat.java-1.52.0-win32-x64\jre\21.0.9-win32-x86_64\bin\server\jvm.dll
0x00007ffc7a800000 - 0x00007ffc7a8b4000 	C:\WINDOWS\System32\ADVAPI32.dll
0x00007ffc7c4b0000 - 0x00007ffc7c556000 	C:\WINDOWS\System32\sechost.dll
0x00007ffc7bbb0000 - 0x00007ffc7bcc8000 	C:\WINDOWS\System32\RPCRT4.dll
0x00007ffc7be50000 - 0x00007ffc7bec4000 	C:\WINDOWS\System32\WS2_32.dll
0x00007ffc70520000 - 0x00007ffc70555000 	C:\WINDOWS\SYSTEM32\WINMM.dll
0x00007ffc62b80000 - 0x00007ffc62b8b000 	C:\WINDOWS\SYSTEM32\VERSION.dll
0x00007ffc79080000 - 0x00007ffc790de000 	C:\WINDOWS\SYSTEM32\POWRPROF.dll
0x00007ffc79060000 - 0x00007ffc79074000 	C:\WINDOWS\SYSTEM32\UMPDC.dll
0x00007ffc77f90000 - 0x00007ffc77fab000 	C:\WINDOWS\SYSTEM32\kernel.appcore.dll
0x00007ffc69260000 - 0x00007ffc6926a000 	c:\Users\arivo\.vscode\extensions\redhat.java-1.52.0-win32-x64\jre\21.0.9-win32-x86_64\bin\jimage.dll
0x00007ffc61e20000 - 0x00007ffc62062000 	C:\WINDOWS\SYSTEM32\DBGHELP.DLL
0x00007ffc7c070000 - 0x00007ffc7c3f6000 	C:\WINDOWS\System32\combase.dll
0x00007ffc7a8e0000 - 0x00007ffc7a9b7000 	C:\WINDOWS\System32\OLEAUT32.dll
0x00007ffc4d360000 - 0x00007ffc4d39b000 	C:\WINDOWS\SYSTEM32\dbgcore.DLL
0x00007ffc7a580000 - 0x00007ffc7a625000 	C:\WINDOWS\System32\bcryptPrimitives.dll
0x00007ffc68cf0000 - 0x00007ffc68cff000 	c:\Users\arivo\.vscode\extensions\redhat.java-1.52.0-win32-x64\jre\21.0.9-win32-x86_64\bin\instrument.dll
0x00007ffc67620000 - 0x00007ffc67640000 	c:\Users\arivo\.vscode\extensions\redhat.java-1.52.0-win32-x64\jre\21.0.9-win32-x86_64\bin\java.dll
0x00007ffc7a9c0000 - 0x00007ffc7b111000 	C:\WINDOWS\System32\SHELL32.dll
0x00007ffc793d0000 - 0x00007ffc7953a000 	C:\WINDOWS\System32\wintypes.dll
0x00007ffc799d0000 - 0x00007ffc7a232000 	C:\WINDOWS\System32\windows.storage.dll
0x00007ffc7a6e0000 - 0x00007ffc7a7d6000 	C:\WINDOWS\System32\SHCORE.dll
0x00007ffc7b5e0000 - 0x00007ffc7b647000 	C:\WINDOWS\System32\shlwapi.dll
0x00007ffc79140000 - 0x00007ffc79169000 	C:\WINDOWS\SYSTEM32\profapi.dll
0x00007ffc66280000 - 0x00007ffc66298000 	c:\Users\arivo\.vscode\extensions\redhat.java-1.52.0-win32-x64\jre\21.0.9-win32-x86_64\bin\zip.dll
0x00007ffc67ae0000 - 0x00007ffc67af0000 	C:\Users\arivo\.vscode\extensions\redhat.java-1.52.0-win32-x64\jre\21.0.9-win32-x86_64\bin\net.dll
0x00007ffc6efc0000 - 0x00007ffc6f0e7000 	C:\WINDOWS\SYSTEM32\WINHTTP.dll
0x00007ffc784e0000 - 0x00007ffc7854b000 	C:\WINDOWS\system32\mswsock.dll
0x00007ffc65f00000 - 0x00007ffc65f16000 	C:\Users\arivo\.vscode\extensions\redhat.java-1.52.0-win32-x64\jre\21.0.9-win32-x86_64\bin\nio.dll
0x00007ffc67610000 - 0x00007ffc67620000 	c:\Users\arivo\.vscode\extensions\redhat.java-1.52.0-win32-x64\jre\21.0.9-win32-x86_64\bin\verify.dll
0x00007ffc2cae0000 - 0x00007ffc2cb25000 	C:\Users\arivo\AppData\Roaming\Code\User\globalStorage\redhat.java\1.52.0\config_win\org.eclipse.equinox.launcher\org.eclipse.equinox.launcher.win32.win32.x86_64_1.2.1500.v20260121-1430\eclipse_11919.dll
0x00007ffc7bed0000 - 0x00007ffc7c067000 	C:\WINDOWS\System32\ole32.dll
0x00007ffc788d0000 - 0x00007ffc788eb000 	C:\WINDOWS\SYSTEM32\CRYPTSP.dll
0x00007ffc77ef0000 - 0x00007ffc77f29000 	C:\WINDOWS\system32\rsaenh.dll
0x00007ffc78590000 - 0x00007ffc785bb000 	C:\WINDOWS\SYSTEM32\USERENV.dll
0x00007ffc79110000 - 0x00007ffc7913a000 	C:\WINDOWS\SYSTEM32\bcrypt.dll
0x00007ffc78730000 - 0x00007ffc7873c000 	C:\WINDOWS\SYSTEM32\CRYPTBASE.dll
0x00007ffc779e0000 - 0x00007ffc77a14000 	C:\WINDOWS\SYSTEM32\IPHLPAPI.DLL
0x00007ffc7a7f0000 - 0x00007ffc7a7fa000 	C:\WINDOWS\System32\NSI.dll
0x00007ffc6a460000 - 0x00007ffc6a4a9000 	C:\Users\arivo\AppData\Local\Temp\jna-76268\jna17936307309012414803.dll
0x00007ffc7bb50000 - 0x00007ffc7bb58000 	C:\WINDOWS\System32\PSAPI.DLL
0x00007ffc739a0000 - 0x00007ffc739be000 	C:\WINDOWS\SYSTEM32\dhcpcsvc6.DLL
0x00007ffc709c0000 - 0x00007ffc709e3000 	C:\WINDOWS\SYSTEM32\dhcpcsvc.DLL

JVMTI agents:
c:\Users\arivo\.vscode\extensions\redhat.java-1.52.0-win32-x64\lombok\lombok-1.18.39-4050.jar path:c:\Users\arivo\.vscode\extensions\redhat.java-1.52.0-win32-x64\jre\21.0.9-win32-x86_64\bin\instrument.dll, loaded, initialized, instrumentlib options:none

dbghelp: loaded successfully - version: 4.0.5 - missing functions: none
symbol engine: initialized successfully - sym options: 0x614 - pdb path: .;c:\Users\arivo\.vscode\extensions\redhat.java-1.52.0-win32-x64\jre\21.0.9-win32-x86_64\bin;C:\WINDOWS\SYSTEM32;C:\WINDOWS\WinSxS\amd64_microsoft.windows.common-controls_6595b64144ccf1df_6.0.26100.7705_none_3e06597ae3363b04;c:\Users\arivo\.vscode\extensions\redhat.java-1.52.0-win32-x64\jre\21.0.9-win32-x86_64\bin\server;C:\Users\arivo\AppData\Roaming\Code\User\globalStorage\redhat.java\1.52.0\config_win\org.eclipse.equinox.launcher\org.eclipse.equinox.launcher.win32.win32.x86_64_1.2.1500.v20260121-1430;C:\Users\arivo\AppData\Local\Temp\jna-76268

VM Arguments:
jvm_args: --add-modules=ALL-SYSTEM --add-opens=java.base/java.util=ALL-UNNAMED --add-opens=java.base/java.lang=ALL-UNNAMED --add-opens=java.base/sun.nio.fs=ALL-UNNAMED -Declipse.application=org.eclipse.jdt.ls.core.id1 -Dosgi.bundles.defaultStartLevel=4 -Declipse.product=org.eclipse.jdt.ls.core.product -Djava.import.generatesMetadataFilesAtProjectRoot=false -DDetectVMInstallationsJob.disabled=true -Dfile.encoding=utf8 -XX:+UseParallelGC -XX:GCTimeRatio=4 -XX:AdaptiveSizePolicyWeight=90 -Dsun.zip.disableMemoryMapping=true -Xmx2G -Xms100m -Xlog:disable -javaagent:c:\Users\arivo\.vscode\extensions\redhat.java-1.52.0-win32-x64\lombok\lombok-1.18.39-4050.jar -XX:+HeapDumpOnOutOfMemoryError -XX:HeapDumpPath=c:\Users\arivo\AppData\Roaming\Code\User\workspaceStorage\e223b41e2c975174788a866204c32b08\redhat.java -Daether.dependencyCollector.impl=bf 
java_command: c:\Users\arivo\.vscode\extensions\redhat.java-1.52.0-win32-x64\server\plugins\org.eclipse.equinox.launcher_1.7.100.v20251111-0406.jar -configuration c:\Users\arivo\AppData\Roaming\Code\User\globalStorage\redhat.java\1.52.0\config_win -data c:\Users\arivo\AppData\Roaming\Code\User\workspaceStorage\e223b41e2c975174788a866204c32b08\redhat.java\jdt_ws --pipe=\\.\pipe\lsp-d1b75b3fd096e76cf7dd2ebb1b402a79-sock
java_class_path (initial): c:\Users\arivo\.vscode\extensions\redhat.java-1.52.0-win32-x64\server\plugins\org.eclipse.equinox.launcher_1.7.100.v20251111-0406.jar
Launcher Type: SUN_STANDARD

[Global flags]
    uintx AdaptiveSizePolicyWeight                 = 90                                        {product} {command line}
     intx CICompilerCount                          = 4                                         {product} {ergonomic}
    uintx GCTimeRatio                              = 4                                         {product} {command line}
     bool HeapDumpOnOutOfMemoryError               = true                                   {manageable} {command line}
    ccstr HeapDumpPath                             = c:\Users\arivo\AppData\Roaming\Code\User\workspaceStorage\e223b41e2c975174788a866204c32b08\redhat.java         {manageable} {command line}
   size_t InitialHeapSize                          = 104857600                                 {product} {command line}
   size_t MaxHeapSize                              = 2147483648                                {product} {command line}
   size_t MaxNewSize                               = 715653120                                 {product} {ergonomic}
   size_t MinHeapDeltaBytes                        = 524288                                    {product} {ergonomic}
   size_t MinHeapSize                              = 104857600                                 {product} {command line}
   size_t NewSize                                  = 34603008                                  {product} {ergonomic}
    uintx NonNMethodCodeHeapSize                   = 5839372                                {pd product} {ergonomic}
    uintx NonProfiledCodeHeapSize                  = 122909434                              {pd product} {ergonomic}
   size_t OldSize                                  = 70254592                                  {product} {ergonomic}
    uintx ProfiledCodeHeapSize                     = 122909434                              {pd product} {ergonomic}
    uintx ReservedCodeCacheSize                    = 251658240                              {pd product} {ergonomic}
     bool SegmentedCodeCache                       = true                                      {product} {ergonomic}
   size_t SoftMaxHeapSize                          = 2147483648                             {manageable} {ergonomic}
     bool UseCompressedOops                        = true                           {product lp64_product} {ergonomic}
     bool UseLargePagesIndividualAllocation        = false                                  {pd product} {ergonomic}
     bool UseParallelGC                            = true                                      {product} {command line}

Logging:
Log output configuration:
 #0: stdout all=off uptime,level,tags foldmultilines=false
 #1: stderr all=off uptime,level,tags foldmultilines=false

Release file:
JAVA_VERSION="21.0.9" 
MODULES="java.base java.compiler java.datatransfer java.xml java.prefs java.desktop java.instrument java.logging java.management java.security.sasl java.naming java.rmi java.management.rmi java.net.http java.scripting java.security.jgss java.transaction.xa java.sql java.sql.rowset java.xml.crypto java.se java.smartcardio jdk.accessibility jdk.internal.jvmstat jdk.attach jdk.charsets jdk.internal.opt jdk.zipfs jdk.compiler jdk.crypto.ec jdk.crypto.cryptoki jdk.crypto.mscapi jdk.dynalink jdk.internal.ed jdk.editpad jdk.hotspot.agent jdk.httpserver jdk.internal.le jdk.internal.vm.ci jdk.internal.vm.compiler jdk.internal.vm.compiler.management jdk.jartool jdk.javadoc jdk.jcmd jdk.management jdk.management.agent jdk.jconsole jdk.jdeps jdk.jdwp.agent jdk.jdi jdk.jfr jdk.jshell jdk.jsobject jdk.jstatd jdk.localedata jdk.management.jfr jdk.naming.dns jdk.naming.rmi jdk.net jdk.nio.mapmode jdk.random jdk.sctp jdk.security.auth jdk.security.jgss jdk.unsupported jdk.unsupported.desktop jdk.xml.dom" 

Environment Variables:
JAVA_HOME=C:\Program Files\Eclipse Adoptium\jdk-17.0.18.8-hotspot
PATH=C:\Windows\System32;C:\Program Files\apache-maven-3.9.12\bin;C:\Program Files\Eclipse Adoptium\jdk-17.0.17.10-hotspot\bin;C:\Program Files\nodejs\;C:\Program Files\MySQL\MySQL Shell 8.0\bin\;C:\Users\arivo\AppData\Local\Programs\Python\Python313\Scripts\;C:\Users\arivo\AppData\Local\Programs\Python\Python313\;C:\Users\arivo\AppData\Local\Microsoft\WindowsApps;C:\Users\arivo\AppData\Local\Programs\Microsoft VS Code\bin;C:\Users\arivo\AppData\Local\GitHubDesktop\bin;C:\Users\arivo\AppData\Roaming\npm
USERNAME=Lee
OS=Windows_NT
PROCESSOR_IDENTIFIER=AMD64 Family 23 Model 160 Stepping 0, AuthenticAMD
TMP=C:\Users\arivo\AppData\Local\Temp
TEMP=C:\Users\arivo\AppData\Local\Temp




Periodic native trim disabled

---------------  S Y S T E M  ---------------

OS:
 Windows 11 , 64 bit Build 26100 (10.0.26100.7705)
OS uptime: 5 days 22:45 hours
Hyper-V role detected

CPU: total 8 (initial active 8) (8 cores per cpu, 2 threads per core) family 23 model 160 stepping 0 microcode 0x8a00009, cx8, cmov, fxsr, ht, mmx, 3dnowpref, sse, sse2, sse3, ssse3, sse4a, sse4.1, sse4.2, popcnt, lzcnt, tsc, tscinvbit, avx, avx2, aes, clmul, bmi1, bmi2, adx, sha, fma, vzeroupper, clflush, clflushopt, hv, rdtscp, rdpid, f16c
Processor Information for the first 8 processors :
  Max Mhz: 2801, Current Mhz: 2801, Mhz Limit: 2801

Memory: 4k page, system-wide physical 5965M (179M free)
TotalPageFile size 24397M (AvailPageFile size 19M)
current process WorkingSet (physical memory assigned to process): 140M, peak: 196M
current process commit charge ("private bytes"): 338M, peak: 341M

vm_info: OpenJDK 64-Bit Server VM (21.0.9+10-LTS) for windows-amd64 JRE (21.0.9+10-LTS), built on 2025-10-21T00:00:00Z by "admin" with unknown MS VC++:1942

END.
