#
# There is insufficient memory for the Java Runtime Environment to continue.
# Native memory allocation (malloc) failed to allocate 1052896 bytes. Error detail: Chunk::new
# Possible reasons:
#   The system is out of physical RAM or swap space
#   This process is running with CompressedOops enabled, and the Java Heap may be blocking the growth of the native heap
# Possible solutions:
#   Reduce memory load on the system
#   Increase physical memory or swap space
#   Check if swap backing store is full
#   Decrease Java heap size (-Xmx/-Xms)
#   Decrease number of Java threads
#   Decrease Java thread stack sizes (-Xss)
#   Set larger code cache with -XX:ReservedCodeCacheSize=
#   JVM is running with Unscaled Compressed Oops mode in which the Java heap is
#     placed in the first 4GB address space. The Java Heap base address is the
#     maximum limit for the native heap growth. Please use -XX:HeapBaseMinAddress
#     to set the Java Heap base and to place the Java Heap above 4GB virtual address.
# This output file may be truncated or incomplete.
#
#  Out of Memory Error (arena.cpp:168), pid=24640, tid=24192
#
# JRE version: OpenJDK Runtime Environment Temurin-21.0.9+10 (21.0.9+10) (build 21.0.9+10-LTS)
# Java VM: OpenJDK 64-Bit Server VM Temurin-21.0.9+10 (21.0.9+10-LTS, mixed mode, sharing, tiered, compressed oops, compressed class ptrs, parallel gc, windows-amd64)
# No core dump will be written. Minidumps are not enabled by default on client versions of Windows
#

---------------  S U M M A R Y ------------

Command Line: --add-modules=ALL-SYSTEM --add-opens=java.base/java.util=ALL-UNNAMED --add-opens=java.base/java.lang=ALL-UNNAMED --add-opens=java.base/sun.nio.fs=ALL-UNNAMED -Declipse.application=org.eclipse.jdt.ls.core.id1 -Dosgi.bundles.defaultStartLevel=4 -Declipse.product=org.eclipse.jdt.ls.core.product -Djava.import.generatesMetadataFilesAtProjectRoot=false -DDetectVMInstallationsJob.disabled=true -Dfile.encoding=utf8 -XX:+UseParallelGC -XX:GCTimeRatio=4 -XX:AdaptiveSizePolicyWeight=90 -Dsun.zip.disableMemoryMapping=true -Xmx2G -Xms100m -Xlog:disable -javaagent:c:\Users\arivo\.vscode\extensions\redhat.java-1.52.0-win32-x64\lombok\lombok-1.18.39-4050.jar -XX:+HeapDumpOnOutOfMemoryError -XX:HeapDumpPath=c:\Users\arivo\AppData\Roaming\Code\User\workspaceStorage\8458649975ab52f6c626be96cf669a6a\redhat.java -Daether.dependencyCollector.impl=bf c:\Users\arivo\.vscode\extensions\redhat.java-1.52.0-win32-x64\server\plugins\org.eclipse.equinox.launcher_1.7.100.v20251111-0406.jar -configuration c:\Users\arivo\AppData\Roaming\Code\User\globalStorage\redhat.java\1.52.0\config_win -data c:\Users\arivo\AppData\Roaming\Code\User\workspaceStorage\8458649975ab52f6c626be96cf669a6a\redhat.java\jdt_ws --pipe=\\.\pipe\lsp-a69d37691d22e04dab655d146005bbd4-sock

Host: AMD Ryzen 5 7520U with Radeon Graphics         , 8 cores, 5G,  Windows 11 , 64 bit Build 26100 (10.0.26100.7705)
Time: Fri Feb 13 18:58:45 2026 India Standard Time elapsed time: 87.084999 seconds (0d 0h 1m 27s)

---------------  T H R E A D  ---------------

Current thread (0x0000013a7b6cce80):  JavaThread "C2 CompilerThread0" daemon [_thread_in_native, id=24192, stack(0x0000002b1bd00000,0x0000002b1be00000) (1024K)]


Current CompileTask:
C2:87085 14465   !   4       java.nio.file.Files::walkFileTree (297 bytes)

Stack: [0x0000002b1bd00000,0x0000002b1be00000]
Native frames: (J=compiled Java code, j=interpreted, Vv=VM code, C=native code)
V  [jvm.dll+0x6d6e29]
V  [jvm.dll+0x8b4b76]
V  [jvm.dll+0x8b712e]
V  [jvm.dll+0x8b7813]
V  [jvm.dll+0x283d86]
V  [jvm.dll+0xc66ed]
V  [jvm.dll+0xc6c31]
V  [jvm.dll+0x2facee]
V  [jvm.dll+0x5fde44]
V  [jvm.dll+0x255557]
V  [jvm.dll+0x25591d]
V  [jvm.dll+0x24df40]
V  [jvm.dll+0x24b482]
V  [jvm.dll+0x1cb13e]
V  [jvm.dll+0x25b29d]
V  [jvm.dll+0x25982a]
V  [jvm.dll+0x3f7ea6]
V  [jvm.dll+0x85e9ad]
V  [jvm.dll+0x6d565d]
C  [ucrtbase.dll+0x37b0]
C  [KERNEL32.DLL+0x2e8d7]
C  [ntdll.dll+0x8c40c]


---------------  P R O C E S S  ---------------

Threads class SMR info:
_java_thread_list=0x0000013a552434a0, length=67, elements={
0x0000013a73c4ee50, 0x0000013a7b6b83d0, 0x0000013a7b6bfe60, 0x0000013a7b6c2580,
0x0000013a7b6c4fe0, 0x0000013a7b6c9110, 0x0000013a7b6c9b60, 0x0000013a7b6cce80,
0x0000013a7cf90ee0, 0x0000013a7d1d4630, 0x0000013a7d28fd40, 0x0000013a7d9eddb0,
0x0000013a7d93ed40, 0x0000013a7d5ac9b0, 0x0000013a7d086130, 0x0000013a7e0aa680,
0x0000013a54000080, 0x0000013a7d6fc0b0, 0x0000013a7d6fad00, 0x0000013a7d6fa670,
0x0000013a7d6fb390, 0x0000013a7d6fd460, 0x0000013a7d6fba20, 0x0000013a7d6fcdd0,
0x0000013a7d6fdaf0, 0x0000013a55029e20, 0x0000013a55029790, 0x0000013a5502b1d0,
0x0000013a5502a4b0, 0x0000013a55029100, 0x0000013a5502ab40, 0x0000013a55028a70,
0x0000013a55027d50, 0x0000013a5502b860, 0x0000013a550283e0, 0x0000013a5502d2a0,
0x0000013a5502c580, 0x0000013a5502e650, 0x0000013a5502ece0, 0x0000013a5502f370,
0x0000013a5502bef0, 0x0000013a564fe9f0, 0x0000013a564fe360, 0x0000013a56500ac0,
0x0000013a564ff080, 0x0000013a56502b90, 0x0000013a56501150, 0x0000013a564ffda0,
0x0000013a56501e70, 0x0000013a564ff710, 0x0000013a565017e0, 0x0000013a56500430,
0x0000013a565052f0, 0x0000013a56503220, 0x0000013a56503f40, 0x0000013a56502500,
0x0000013a565038b0, 0x0000013a56504c60, 0x0000013a56505980, 0x0000013a5651de20,
0x0000013a561ce170, 0x0000013a561cd450, 0x0000013a561cfbb0, 0x0000013a561cc730,
0x0000013a561d0240, 0x0000013a561ce800, 0x0000013a561cee90
}

Java Threads: ( => current thread )
  0x0000013a73c4ee50 JavaThread "main"                              [_thread_blocked, id=30500, stack(0x0000002b1b300000,0x0000002b1b400000) (1024K)]
  0x0000013a7b6b83d0 JavaThread "Reference Handler"          daemon [_thread_blocked, id=17868, stack(0x0000002b1b700000,0x0000002b1b800000) (1024K)]
  0x0000013a7b6bfe60 JavaThread "Finalizer"                  daemon [_thread_blocked, id=13920, stack(0x0000002b1b800000,0x0000002b1b900000) (1024K)]
  0x0000013a7b6c2580 JavaThread "Signal Dispatcher"          daemon [_thread_blocked, id=12676, stack(0x0000002b1b900000,0x0000002b1ba00000) (1024K)]
  0x0000013a7b6c4fe0 JavaThread "Attach Listener"            daemon [_thread_blocked, id=17684, stack(0x0000002b1ba00000,0x0000002b1bb00000) (1024K)]
  0x0000013a7b6c9110 JavaThread "Service Thread"             daemon [_thread_blocked, id=27224, stack(0x0000002b1bb00000,0x0000002b1bc00000) (1024K)]
  0x0000013a7b6c9b60 JavaThread "Monitor Deflation Thread"   daemon [_thread_blocked, id=13804, stack(0x0000002b1bc00000,0x0000002b1bd00000) (1024K)]
=>0x0000013a7b6cce80 JavaThread "C2 CompilerThread0"         daemon [_thread_in_native, id=24192, stack(0x0000002b1bd00000,0x0000002b1be00000) (1024K)]
  0x0000013a7cf90ee0 JavaThread "C1 CompilerThread0"         daemon [_thread_blocked, id=26200, stack(0x0000002b1be00000,0x0000002b1bf00000) (1024K)]
  0x0000013a7d1d4630 JavaThread "Common-Cleaner"             daemon [_thread_blocked, id=12728, stack(0x0000002b1bf00000,0x0000002b1c000000) (1024K)]
  0x0000013a7d28fd40 JavaThread "Notification Thread"        daemon [_thread_blocked, id=1364, stack(0x0000002b1c000000,0x0000002b1c100000) (1024K)]
  0x0000013a7d9eddb0 JavaThread "Active Thread: Equinox Container: b423c96e-04bc-4afa-bb13-033f6f2009cc"        [_thread_blocked, id=20448, stack(0x0000002b1c700000,0x0000002b1c800000) (1024K)]
  0x0000013a7d93ed40 JavaThread "Refresh Thread: Equinox Container: b423c96e-04bc-4afa-bb13-033f6f2009cc" daemon [_thread_blocked, id=30440, stack(0x0000002b1c800000,0x0000002b1c900000) (1024K)]
  0x0000013a7d5ac9b0 JavaThread "Framework Event Dispatcher: Equinox Container: b423c96e-04bc-4afa-bb13-033f6f2009cc" daemon [_thread_blocked, id=14516, stack(0x0000002b1c900000,0x0000002b1ca00000) (1024K)]
  0x0000013a7d086130 JavaThread "Start Level: Equinox Container: b423c96e-04bc-4afa-bb13-033f6f2009cc" daemon [_thread_blocked, id=22704, stack(0x0000002b1ca00000,0x0000002b1cb00000) (1024K)]
  0x0000013a7e0aa680 JavaThread "Bundle File Closer"         daemon [_thread_blocked, id=5072, stack(0x0000002b1cb00000,0x0000002b1cc00000) (1024K)]
  0x0000013a54000080 JavaThread "SCR Component Actor"        daemon [_thread_blocked, id=2340, stack(0x0000002b1cc00000,0x0000002b1cd00000) (1024K)]
  0x0000013a7d6fc0b0 JavaThread "Worker-JM"                         [_thread_blocked, id=30596, stack(0x0000002b1cd00000,0x0000002b1ce00000) (1024K)]
  0x0000013a7d6fad00 JavaThread "Worker-0"                          [_thread_blocked, id=5184, stack(0x0000002b1ce00000,0x0000002b1cf00000) (1024K)]
  0x0000013a7d6fa670 JavaThread "Worker-1"                          [_thread_blocked, id=16244, stack(0x0000002b1cf00000,0x0000002b1d000000) (1024K)]
  0x0000013a7d6fb390 JavaThread "Java indexing"              daemon [_thread_blocked, id=20536, stack(0x0000002b1d000000,0x0000002b1d100000) (1024K)]
  0x0000013a7d6fd460 JavaThread "Worker-2"                          [_thread_blocked, id=21516, stack(0x0000002b1d100000,0x0000002b1d200000) (1024K)]
  0x0000013a7d6fba20 JavaThread "JNA Cleaner"                daemon [_thread_blocked, id=25440, stack(0x0000002b1d200000,0x0000002b1d300000) (1024K)]
  0x0000013a7d6fcdd0 JavaThread "Worker-3"                          [_thread_blocked, id=19568, stack(0x0000002b1d500000,0x0000002b1d600000) (1024K)]
  0x0000013a7d6fdaf0 JavaThread "Worker-4"                          [_thread_blocked, id=13848, stack(0x0000002b1d600000,0x0000002b1d700000) (1024K)]
  0x0000013a55029e20 JavaThread "Worker-5"                          [_thread_blocked, id=19132, stack(0x0000002b1d700000,0x0000002b1d800000) (1024K)]
  0x0000013a55029790 JavaThread "Thread-1"                   daemon [_thread_in_native, id=18644, stack(0x0000002b1d800000,0x0000002b1d900000) (1024K)]
  0x0000013a5502b1d0 JavaThread "Thread-2"                   daemon [_thread_in_native, id=10596, stack(0x0000002b1d900000,0x0000002b1da00000) (1024K)]
  0x0000013a5502a4b0 JavaThread "Thread-3"                   daemon [_thread_in_native, id=13960, stack(0x0000002b1da00000,0x0000002b1db00000) (1024K)]
  0x0000013a55029100 JavaThread "Thread-4"                   daemon [_thread_in_native, id=4308, stack(0x0000002b1db00000,0x0000002b1dc00000) (1024K)]
  0x0000013a5502ab40 JavaThread "Thread-5"                   daemon [_thread_in_native, id=16496, stack(0x0000002b1dc00000,0x0000002b1dd00000) (1024K)]
  0x0000013a55028a70 JavaThread "Thread-6"                   daemon [_thread_in_native, id=20868, stack(0x0000002b1dd00000,0x0000002b1de00000) (1024K)]
  0x0000013a55027d50 JavaThread "Thread-7"                   daemon [_thread_in_native, id=30232, stack(0x0000002b1de00000,0x0000002b1df00000) (1024K)]
  0x0000013a5502b860 JavaThread "Thread-8"                   daemon [_thread_in_native, id=23312, stack(0x0000002b1df00000,0x0000002b1e000000) (1024K)]
  0x0000013a550283e0 JavaThread "Thread-9"                   daemon [_thread_in_native, id=25080, stack(0x0000002b1e000000,0x0000002b1e100000) (1024K)]
  0x0000013a5502d2a0 JavaThread "pool-2-thread-1"                   [_thread_blocked, id=17704, stack(0x0000002b1e100000,0x0000002b1e200000) (1024K)]
  0x0000013a5502c580 JavaThread "WorkspaceEventsHandler"            [_thread_blocked, id=8552, stack(0x0000002b1e200000,0x0000002b1e300000) (1024K)]
  0x0000013a5502e650 JavaThread "pool-1-thread-1"                   [_thread_blocked, id=13072, stack(0x0000002b1e300000,0x0000002b1e400000) (1024K)]
  0x0000013a5502ece0 JavaThread "LocalFile Deleter"          daemon [_thread_blocked, id=29248, stack(0x0000002b1e500000,0x0000002b1e600000) (1024K)]
  0x0000013a5502f370 JavaThread "LocalFile Deleter"          daemon [_thread_blocked, id=30840, stack(0x0000002b1e600000,0x0000002b1e700000) (1024K)]
  0x0000013a5502bef0 JavaThread "LocalFile Deleter"          daemon [_thread_blocked, id=17052, stack(0x0000002b1e700000,0x0000002b1e800000) (1024K)]
  0x0000013a564fe9f0 JavaThread "LocalFile Deleter"          daemon [_thread_blocked, id=18808, stack(0x0000002b1e800000,0x0000002b1e900000) (1024K)]
  0x0000013a564fe360 JavaThread "LocalFile Deleter"          daemon [_thread_blocked, id=14800, stack(0x0000002b1e900000,0x0000002b1ea00000) (1024K)]
  0x0000013a56500ac0 JavaThread "LocalFile Deleter"          daemon [_thread_blocked, id=18076, stack(0x0000002b1ea00000,0x0000002b1eb00000) (1024K)]
  0x0000013a564ff080 JavaThread "LocalFile Deleter"          daemon [_thread_blocked, id=24004, stack(0x0000002b1eb00000,0x0000002b1ec00000) (1024K)]
  0x0000013a56502b90 JavaThread "LocalFile Deleter"          daemon [_thread_blocked, id=19612, stack(0x0000002b1ec00000,0x0000002b1ed00000) (1024K)]
  0x0000013a56501150 JavaThread "Compiler Source File Reader" daemon [_thread_blocked, id=19060, stack(0x0000002b1ed00000,0x0000002b1ee00000) (1024K)]
  0x0000013a564ffda0 JavaThread "Compiler Source File Reader" daemon [_thread_blocked, id=28088, stack(0x0000002b1ee00000,0x0000002b1ef00000) (1024K)]
  0x0000013a56501e70 JavaThread "Compiler Source File Reader" daemon [_thread_blocked, id=24000, stack(0x0000002b1ef00000,0x0000002b1f000000) (1024K)]
  0x0000013a564ff710 JavaThread "Compiler Source File Reader" daemon [_thread_blocked, id=16000, stack(0x0000002b1f000000,0x0000002b1f100000) (1024K)]
  0x0000013a565017e0 JavaThread "Compiler Source File Reader" daemon [_thread_blocked, id=24608, stack(0x0000002b1f100000,0x0000002b1f200000) (1024K)]
  0x0000013a56500430 JavaThread "Compiler Source File Reader" daemon [_thread_blocked, id=14940, stack(0x0000002b1f200000,0x0000002b1f300000) (1024K)]
  0x0000013a565052f0 JavaThread "Compiler Processing Task"   daemon [_thread_blocked, id=20608, stack(0x0000002b1f300000,0x0000002b1f400000) (1024K)]
  0x0000013a56503220 JavaThread "Compiler Class File Writer" daemon [_thread_blocked, id=1328, stack(0x0000002b1f400000,0x0000002b1f500000) (1024K)]
  0x0000013a56503f40 JavaThread "Compiler Class File Writer" daemon [_thread_blocked, id=4324, stack(0x0000002b1f500000,0x0000002b1f600000) (1024K)]
  0x0000013a56502500 JavaThread "Compiler Class File Writer" daemon [_thread_blocked, id=7284, stack(0x0000002b1f600000,0x0000002b1f700000) (1024K)]
  0x0000013a565038b0 JavaThread "Compiler Class File Writer" daemon [_thread_blocked, id=6792, stack(0x0000002b1f700000,0x0000002b1f800000) (1024K)]
  0x0000013a56504c60 JavaThread "Compiler Class File Writer" daemon [_thread_blocked, id=13544, stack(0x0000002b1f800000,0x0000002b1f900000) (1024K)]
  0x0000013a56505980 JavaThread "Compiler Class File Writer" daemon [_thread_blocked, id=6708, stack(0x0000002b1f900000,0x0000002b1fa00000) (1024K)]
  0x0000013a5651de20 JavaThread "C2 CompilerThread1"         daemon [_thread_in_native, id=2688, stack(0x0000002b1fa00000,0x0000002b1fb00000) (1024K)]
  0x0000013a561ce170 JavaThread "ForkJoinPool.commonPool-worker-1" daemon [_thread_blocked, id=15428, stack(0x0000002b1fb00000,0x0000002b1fc00000) (1024K)]
  0x0000013a561cd450 JavaThread "ForkJoinPool.commonPool-worker-2" daemon [_thread_blocked, id=22684, stack(0x0000002b1fc00000,0x0000002b1fd00000) (1024K)]
  0x0000013a561cfbb0 JavaThread "ForkJoinPool.commonPool-worker-3" daemon [_thread_blocked, id=264, stack(0x0000002b1fd00000,0x0000002b1fe00000) (1024K)]
  0x0000013a561cc730 JavaThread "ForkJoinPool.commonPool-worker-4" daemon [_thread_blocked, id=5628, stack(0x0000002b1fe00000,0x0000002b1ff00000) (1024K)]
  0x0000013a561d0240 JavaThread "ForkJoinPool.commonPool-worker-5" daemon [_thread_blocked, id=26468, stack(0x0000002b1ff00000,0x0000002b20000000) (1024K)]
  0x0000013a561ce800 JavaThread "ForkJoinPool.commonPool-worker-7" daemon [_thread_blocked, id=20464, stack(0x0000002b20000000,0x0000002b20100000) (1024K)]
  0x0000013a561cee90 JavaThread "ForkJoinPool.commonPool-worker-6" daemon [_thread_blocked, id=19084, stack(0x0000002b20100000,0x0000002b20200000) (1024K)]
Total: 67

Other Threads:
  0x0000013a73ce3dd0 VMThread "VM Thread"                           [id=31716, stack(0x0000002b1b600000,0x0000002b1b700000) (1024K)]
  0x0000013a7b5cca00 WatcherThread "VM Periodic Task Thread"        [id=19748, stack(0x0000002b1b500000,0x0000002b1b600000) (1024K)]
  0x0000013a73c60020 WorkerThread "GC Thread#0"                     [id=24280, stack(0x0000002b1b400000,0x0000002b1b500000) (1024K)]
  0x0000013a7d84d570 WorkerThread "GC Thread#1"                     [id=26336, stack(0x0000002b1c100000,0x0000002b1c200000) (1024K)]
  0x0000013a7d8e5fd0 WorkerThread "GC Thread#2"                     [id=25204, stack(0x0000002b1c200000,0x0000002b1c300000) (1024K)]
  0x0000013a7d525c10 WorkerThread "GC Thread#3"                     [id=20048, stack(0x0000002b1c300000,0x0000002b1c400000) (1024K)]
  0x0000013a7d525fb0 WorkerThread "GC Thread#4"                     [id=21660, stack(0x0000002b1c400000,0x0000002b1c500000) (1024K)]
  0x0000013a7d526350 WorkerThread "GC Thread#5"                     [id=31592, stack(0x0000002b1c500000,0x0000002b1c600000) (1024K)]
  0x0000013a7d5266f0 WorkerThread "GC Thread#6"                     [id=31068, stack(0x0000002b1c600000,0x0000002b1c700000) (1024K)]
  0x0000013a7182a110 WorkerThread "GC Thread#7"                     [id=20396, stack(0x0000002b1b000000,0x0000002b1b100000) (1024K)]
Total: 10

Threads with active compile tasks:
C2 CompilerThread0  87136 14465   !   4       java.nio.file.Files::walkFileTree (297 bytes)
C2 CompilerThread1  87136 14645       4       jdk.nio.zipfs.ZipDirectoryStream::<init> (49 bytes)
Total: 2

VM state: not at safepoint (normal execution)

VM Mutex/Monitor currently owned by a thread:  ([mutex/lock_event])
[0x00007ffb1864c070] MethodCompileQueue_lock - owner thread: 0x0000013a5651de20
[0x00007ffb1864d470] CodeCache_lock - owner thread: 0x0000013a5651de20
[0x00007ffb1864d5f0] Compile_lock - owner thread: 0x0000013a5651de20

Heap address: 0x0000000080000000, size: 2048 MB, Compressed Oops mode: 32-bit

CDS archive(s) mapped at: [0x0000013a0f000000-0x0000013a0fba0000-0x0000013a0fba0000), size 12189696, SharedBaseAddress: 0x0000013a0f000000, ArchiveRelocationMode: 1.
Compressed class space mapped at: 0x0000013a10000000-0x0000013a50000000, reserved size: 1073741824
Narrow klass base: 0x0000013a0f000000, Narrow klass shift: 0, Narrow klass range: 0x100000000

GC Precious Log:
 CardTable entry size: 512
 CPUs: 8 total, 8 available
 Memory: 5965M
 Large Page Support: Disabled
 NUMA Support: Disabled
 Compressed Oops: Enabled (32-bit)
 Alignments: Space 512K, Generation 512K, Heap 2M
 Heap Min Capacity: 100M
 Heap Initial Capacity: 100M
 Heap Max Capacity: 2G
 Pre-touch: Disabled
 Parallel Workers: 8

Heap:
 PSYoungGen      total 11776K, used 9684K [0x00000000d5580000, 0x00000000d7080000, 0x0000000100000000)
  eden space 10240K, 79% used [0x00000000d5580000,0x00000000d5d7cd60,0x00000000d5f80000)
  from space 1536K, 97% used [0x00000000d5f80000,0x00000000d60f8428,0x00000000d6100000)
  to   space 8704K, 0% used [0x00000000d6800000,0x00000000d6800000,0x00000000d7080000)
 ParOldGen       total 720896K, used 720723K [0x0000000080000000, 0x00000000ac000000, 0x00000000d5580000)
  object space 720896K, 99% used [0x0000000080000000,0x00000000abfd4c40,0x00000000ac000000)
 Metaspace       used 73036K, committed 74560K, reserved 1179648K
  class space    used 7706K, committed 8384K, reserved 1048576K

Card table byte_map: [0x0000013a73610000,0x0000013a73a20000] _byte_map_base: 0x0000013a73210000

Marking Bits: (ParMarkBitMap*) 0x00007ffb18652460
 Begin Bits: [0x0000013a770f0000, 0x0000013a790f0000)
 End Bits:   [0x0000013a790f0000, 0x0000013a7b0f0000)

Polling page: 0x0000013a73400000

Metaspace:

Usage:
  Non-class:     63.80 MB used.
      Class:      7.53 MB used.
       Both:     71.33 MB used.

Virtual space:
  Non-class space:      128.00 MB reserved,      64.62 MB ( 50%) committed,  2 nodes.
      Class space:        1.00 GB reserved,       8.19 MB ( <1%) committed,  1 nodes.
             Both:        1.12 GB reserved,      72.81 MB (  6%) committed. 

Chunk freelists:
   Non-Class:  14.97 MB
       Class:  7.82 MB
        Both:  22.79 MB

MaxMetaspaceSize: unlimited
CompressedClassSpaceSize: 1.00 GB
Initial GC threshold: 21.00 MB
Current GC threshold: 97.31 MB
CDS: on
 - commit_granule_bytes: 65536.
 - commit_granule_words: 8192.
 - virtual_space_node_default_size: 8388608.
 - enlarge_chunks_in_place: 1.
 - use_allocation_guard: 0.


Internal statistics:

num_allocs_failed_limit: 9.
num_arena_births: 1338.
num_arena_deaths: 32.
num_vsnodes_births: 3.
num_vsnodes_deaths: 0.
num_space_committed: 1165.
num_space_uncommitted: 0.
num_chunks_returned_to_freelist: 49.
num_chunks_taken_from_freelist: 4582.
num_chunk_merges: 20.
num_chunk_splits: 2829.
num_chunks_enlarged: 1642.
num_inconsistent_stats: 0.

CodeHeap 'non-profiled nmethods': size=120000Kb used=8994Kb max_used=8994Kb free=111005Kb
 bounds [0x0000013a07ad0000, 0x0000013a083a0000, 0x0000013a0f000000]
CodeHeap 'profiled nmethods': size=120000Kb used=31370Kb max_used=31370Kb free=88629Kb
 bounds [0x0000013a00000000, 0x0000013a01eb0000, 0x0000013a07530000]
CodeHeap 'non-nmethods': size=5760Kb used=1471Kb max_used=1540Kb free=4288Kb
 bounds [0x0000013a07530000, 0x0000013a077a0000, 0x0000013a07ad0000]
CodeCache: size=245760Kb, used=41835Kb, max_used=41904Kb, free=203922Kb
 total_blobs=14989, nmethods=14199, adapters=694, full_count=0
Compilation: enabled, stopped_count=0, restarted_count=0

Compilation events (20 events):
Event: 86.076 Thread 0x0000013a5651de20 nmethod 14417 0x0000013a08394890 code [0x0000013a08394a40, 0x0000013a08394bd8]
Event: 86.076 Thread 0x0000013a5651de20 14512       4       java.util.concurrent.locks.ReentrantReadWriteLock$Sync::tryAcquire (92 bytes)
Event: 86.077 Thread 0x0000013a5651de20 nmethod 14512 0x0000013a08394d90 code [0x0000013a08394f20, 0x0000013a08395028]
Event: 86.077 Thread 0x0000013a5651de20 14514       4       java.util.concurrent.locks.ReentrantReadWriteLock$Sync::tryRelease (51 bytes)
Event: 86.078 Thread 0x0000013a5651de20 nmethod 14514 0x0000013a08395110 code [0x0000013a083952a0, 0x0000013a083953a0]
Event: 86.078 Thread 0x0000013a5651de20 14468       4       java.nio.file.SimpleFileVisitor::preVisitDirectory (14 bytes)
Event: 86.078 Thread 0x0000013a5651de20 nmethod 14468 0x0000013a08395490 code [0x0000013a08395620, 0x0000013a083956f0]
Event: 86.079 Thread 0x0000013a5651de20 14645       4       jdk.nio.zipfs.ZipDirectoryStream::<init> (49 bytes)
Event: 86.087 Thread 0x0000013a7cf90ee0 14938       1       com.microsoft.jdtls.ext.core.model.PackageNode::getMetaData (5 bytes)
Event: 86.087 Thread 0x0000013a7cf90ee0 nmethod 14938 0x0000013a08395790 code [0x0000013a08395920, 0x0000013a083959e8]
Event: 86.088 Thread 0x0000013a7cf90ee0 14939       1       org.eclipse.jdt.ls.core.internal.preferences.PreferenceManager::getPreferences (5 bytes)
Event: 86.088 Thread 0x0000013a7cf90ee0 nmethod 14939 0x0000013a08395a90 code [0x0000013a08395c20, 0x0000013a08395ce8]
Event: 86.088 Thread 0x0000013a7cf90ee0 14940       2       com.microsoft.jdtls.ext.core.model.PackageNode::setMetaDataValue (31 bytes)
Event: 86.089 Thread 0x0000013a7cf90ee0 nmethod 14940 0x0000013a01e98e90 code [0x0000013a01e99040, 0x0000013a01e99208]
Event: 86.090 Thread 0x0000013a7cf90ee0 14941       1       com.microsoft.jdtls.ext.core.model.PackageNode::setUri (6 bytes)
Event: 86.090 Thread 0x0000013a7cf90ee0 nmethod 14941 0x0000013a08395d90 code [0x0000013a08395f20, 0x0000013a08396000]
Event: 86.092 Thread 0x0000013a7cf90ee0 14942       2       com.google.gson.internal.GsonTypes::canonicalize (139 bytes)
Event: 86.092 Thread 0x0000013a7cf90ee0 nmethod 14942 0x0000013a01e99310 code [0x0000013a01e995e0, 0x0000013a01e9a068]
Event: 86.092 Thread 0x0000013a7cf90ee0 14945       3       com.google.gson.stream.JsonWriter::beforeValue (140 bytes)
Event: 87.076 Thread 0x0000013a7cf90ee0 nmethod 14945 0x0000013a01e9a490 code [0x0000013a01e9a720, 0x0000013a01e9b0b8]

GC Heap History (20 events):
Event: 85.007 GC heap before
{Heap before GC invocations=1083 (full 3):
 PSYoungGen      total 11776K, used 10848K [0x00000000d5580000, 0x00000000d6300000, 0x0000000100000000)
  eden space 10240K, 100% used [0x00000000d5580000,0x00000000d5f80000,0x00000000d5f80000)
  from space 1536K, 39% used [0x00000000d6080000,0x00000000d6118000,0x00000000d6200000)
  to   space 1024K, 0% used [0x00000000d6200000,0x00000000d6200000,0x00000000d6300000)
 ParOldGen       total 707072K, used 706933K [0x0000000080000000, 0x00000000ab280000, 0x00000000d5580000)
  object space 707072K, 99% used [0x0000000080000000,0x00000000ab25d748,0x00000000ab280000)
 Metaspace       used 72531K, committed 74112K, reserved 1179648K
  class space    used 7667K, committed 8384K, reserved 1048576K
}
Event: 85.009 GC heap after
{Heap after GC invocations=1083 (full 3):
 PSYoungGen      total 11264K, used 640K [0x00000000d5580000, 0x00000000d6300000, 0x0000000100000000)
  eden space 10240K, 0% used [0x00000000d5580000,0x00000000d5580000,0x00000000d5f80000)
  from space 1024K, 62% used [0x00000000d6200000,0x00000000d62a0000,0x00000000d6300000)
  to   space 1024K, 0% used [0x00000000d6100000,0x00000000d6100000,0x00000000d6200000)
 ParOldGen       total 707584K, used 707125K [0x0000000080000000, 0x00000000ab300000, 0x00000000d5580000)
  object space 707584K, 99% used [0x0000000080000000,0x00000000ab28d748,0x00000000ab300000)
 Metaspace       used 72531K, committed 74112K, reserved 1179648K
  class space    used 7667K, committed 8384K, reserved 1048576K
}
Event: 85.038 GC heap before
{Heap before GC invocations=1084 (full 3):
 PSYoungGen      total 11264K, used 10880K [0x00000000d5580000, 0x00000000d6300000, 0x0000000100000000)
  eden space 10240K, 100% used [0x00000000d5580000,0x00000000d5f80000,0x00000000d5f80000)
  from space 1024K, 62% used [0x00000000d6200000,0x00000000d62a0000,0x00000000d6300000)
  to   space 1024K, 0% used [0x00000000d6100000,0x00000000d6100000,0x00000000d6200000)
 ParOldGen       total 707584K, used 707125K [0x0000000080000000, 0x00000000ab300000, 0x00000000d5580000)
  object space 707584K, 99% used [0x0000000080000000,0x00000000ab28d748,0x00000000ab300000)
 Metaspace       used 72545K, committed 74112K, reserved 1179648K
  class space    used 7667K, committed 8384K, reserved 1048576K
}
Event: 85.042 GC heap after
{Heap after GC invocations=1084 (full 3):
 PSYoungGen      total 11264K, used 992K [0x00000000d5580000, 0x00000000d6380000, 0x0000000100000000)
  eden space 10240K, 0% used [0x00000000d5580000,0x00000000d5580000,0x00000000d5f80000)
  from space 1024K, 96% used [0x00000000d6100000,0x00000000d61f8020,0x00000000d6200000)
  to   space 1536K, 0% used [0x00000000d6200000,0x00000000d6200000,0x00000000d6380000)
 ParOldGen       total 708096K, used 707877K [0x0000000080000000, 0x00000000ab380000, 0x00000000d5580000)
  object space 708096K, 99% used [0x0000000080000000,0x00000000ab349540,0x00000000ab380000)
 Metaspace       used 72545K, committed 74112K, reserved 1179648K
  class space    used 7667K, committed 8384K, reserved 1048576K
}
Event: 85.103 GC heap before
{Heap before GC invocations=1085 (full 3):
 PSYoungGen      total 11264K, used 11232K [0x00000000d5580000, 0x00000000d6380000, 0x0000000100000000)
  eden space 10240K, 100% used [0x00000000d5580000,0x00000000d5f80000,0x00000000d5f80000)
  from space 1024K, 96% used [0x00000000d6100000,0x00000000d61f8020,0x00000000d6200000)
  to   space 1536K, 0% used [0x00000000d6200000,0x00000000d6200000,0x00000000d6380000)
 ParOldGen       total 708096K, used 707877K [0x0000000080000000, 0x00000000ab380000, 0x00000000d5580000)
  object space 708096K, 99% used [0x0000000080000000,0x00000000ab349540,0x00000000ab380000)
 Metaspace       used 72617K, committed 74176K, reserved 1179648K
  class space    used 7670K, committed 8384K, reserved 1048576K
}
Event: 85.106 GC heap after
{Heap after GC invocations=1085 (full 3):
 PSYoungGen      total 11776K, used 1120K [0x00000000d5580000, 0x00000000d6380000, 0x0000000100000000)
  eden space 10240K, 0% used [0x00000000d5580000,0x00000000d5580000,0x00000000d5f80000)
  from space 1536K, 72% used [0x00000000d6200000,0x00000000d6318020,0x00000000d6380000)
  to   space 1536K, 0% used [0x00000000d6080000,0x00000000d6080000,0x00000000d6200000)
 ParOldGen       total 709120K, used 708861K [0x0000000080000000, 0x00000000ab480000, 0x00000000d5580000)
  object space 709120K, 99% used [0x0000000080000000,0x00000000ab43f570,0x00000000ab480000)
 Metaspace       used 72617K, committed 74176K, reserved 1179648K
  class space    used 7670K, committed 8384K, reserved 1048576K
}
Event: 85.152 GC heap before
{Heap before GC invocations=1086 (full 3):
 PSYoungGen      total 11776K, used 11360K [0x00000000d5580000, 0x00000000d6380000, 0x0000000100000000)
  eden space 10240K, 100% used [0x00000000d5580000,0x00000000d5f80000,0x00000000d5f80000)
  from space 1536K, 72% used [0x00000000d6200000,0x00000000d6318020,0x00000000d6380000)
  to   space 1536K, 0% used [0x00000000d6080000,0x00000000d6080000,0x00000000d6200000)
 ParOldGen       total 709120K, used 708861K [0x0000000080000000, 0x00000000ab480000, 0x00000000d5580000)
  object space 709120K, 99% used [0x0000000080000000,0x00000000ab43f570,0x00000000ab480000)
 Metaspace       used 72638K, committed 74176K, reserved 1179648K
  class space    used 7671K, committed 8384K, reserved 1048576K
}
Event: 85.155 GC heap after
{Heap after GC invocations=1086 (full 3):
 PSYoungGen      total 11776K, used 1456K [0x00000000d5580000, 0x00000000d6280000, 0x0000000100000000)
  eden space 10240K, 0% used [0x00000000d5580000,0x00000000d5580000,0x00000000d5f80000)
  from space 1536K, 94% used [0x00000000d6080000,0x00000000d61ec010,0x00000000d6200000)
  to   space 512K, 0% used [0x00000000d6200000,0x00000000d6200000,0x00000000d6280000)
 ParOldGen       total 710144K, used 709870K [0x0000000080000000, 0x00000000ab580000, 0x00000000d5580000)
  object space 710144K, 99% used [0x0000000080000000,0x00000000ab53b950,0x00000000ab580000)
 Metaspace       used 72638K, committed 74176K, reserved 1179648K
  class space    used 7671K, committed 8384K, reserved 1048576K
}
Event: 85.236 GC heap before
{Heap before GC invocations=1087 (full 3):
 PSYoungGen      total 11776K, used 11696K [0x00000000d5580000, 0x00000000d6280000, 0x0000000100000000)
  eden space 10240K, 100% used [0x00000000d5580000,0x00000000d5f80000,0x00000000d5f80000)
  from space 1536K, 94% used [0x00000000d6080000,0x00000000d61ec010,0x00000000d6200000)
  to   space 512K, 0% used [0x00000000d6200000,0x00000000d6200000,0x00000000d6280000)
 ParOldGen       total 710144K, used 709870K [0x0000000080000000, 0x00000000ab580000, 0x00000000d5580000)
  object space 710144K, 99% used [0x0000000080000000,0x00000000ab53b950,0x00000000ab580000)
 Metaspace       used 72675K, committed 74240K, reserved 1179648K
  class space    used 7672K, committed 8384K, reserved 1048576K
}
Event: 85.240 GC heap after
{Heap after GC invocations=1087 (full 3):
 PSYoungGen      total 10752K, used 512K [0x00000000d5580000, 0x00000000d6480000, 0x0000000100000000)
  eden space 10240K, 0% used [0x00000000d5580000,0x00000000d5580000,0x00000000d5f80000)
  from space 512K, 100% used [0x00000000d6200000,0x00000000d6280000,0x00000000d6280000)
  to   space 2560K, 0% used [0x00000000d5f80000,0x00000000d5f80000,0x00000000d6200000)
 ParOldGen       total 711680K, used 711631K [0x0000000080000000, 0x00000000ab700000, 0x00000000d5580000)
  object space 711680K, 99% used [0x0000000080000000,0x00000000ab6f3fb0,0x00000000ab700000)
 Metaspace       used 72675K, committed 74240K, reserved 1179648K
  class space    used 7672K, committed 8384K, reserved 1048576K
}
Event: 85.285 GC heap before
{Heap before GC invocations=1088 (full 3):
 PSYoungGen      total 10752K, used 10752K [0x00000000d5580000, 0x00000000d6480000, 0x0000000100000000)
  eden space 10240K, 100% used [0x00000000d5580000,0x00000000d5f80000,0x00000000d5f80000)
  from space 512K, 100% used [0x00000000d6200000,0x00000000d6280000,0x00000000d6280000)
  to   space 2560K, 0% used [0x00000000d5f80000,0x00000000d5f80000,0x00000000d6200000)
 ParOldGen       total 711680K, used 711631K [0x0000000080000000, 0x00000000ab700000, 0x00000000d5580000)
  object space 711680K, 99% used [0x0000000080000000,0x00000000ab6f3fb0,0x00000000ab700000)
 Metaspace       used 72698K, committed 74240K, reserved 1179648K
  class space    used 7672K, committed 8384K, reserved 1048576K
}
Event: 85.288 GC heap after
{Heap after GC invocations=1088 (full 3):
 PSYoungGen      total 11776K, used 1360K [0x00000000d5580000, 0x00000000d6380000, 0x0000000100000000)
  eden space 10240K, 0% used [0x00000000d5580000,0x00000000d5580000,0x00000000d5f80000)
  from space 1536K, 88% used [0x00000000d5f80000,0x00000000d60d4010,0x00000000d6100000)
  to   space 2048K, 0% used [0x00000000d6180000,0x00000000d6180000,0x00000000d6380000)
 ParOldGen       total 712192K, used 712178K [0x0000000080000000, 0x00000000ab780000, 0x00000000d5580000)
  object space 712192K, 99% used [0x0000000080000000,0x00000000ab77cba0,0x00000000ab780000)
 Metaspace       used 72698K, committed 74240K, reserved 1179648K
  class space    used 7672K, committed 8384K, reserved 1048576K
}
Event: 85.340 GC heap before
{Heap before GC invocations=1089 (full 3):
 PSYoungGen      total 11776K, used 11600K [0x00000000d5580000, 0x00000000d6380000, 0x0000000100000000)
  eden space 10240K, 100% used [0x00000000d5580000,0x00000000d5f80000,0x00000000d5f80000)
  from space 1536K, 88% used [0x00000000d5f80000,0x00000000d60d4010,0x00000000d6100000)
  to   space 2048K, 0% used [0x00000000d6180000,0x00000000d6180000,0x00000000d6380000)
 ParOldGen       total 712192K, used 712178K [0x0000000080000000, 0x00000000ab780000, 0x00000000d5580000)
  object space 712192K, 99% used [0x0000000080000000,0x00000000ab77cba0,0x00000000ab780000)
 Metaspace       used 72724K, committed 74240K, reserved 1179648K
  class space    used 7673K, committed 8384K, reserved 1048576K
}
Event: 85.344 GC heap after
{Heap after GC invocations=1089 (full 3):
 PSYoungGen      total 11264K, used 832K [0x00000000d5580000, 0x00000000d6280000, 0x0000000100000000)
  eden space 10240K, 0% used [0x00000000d5580000,0x00000000d5580000,0x00000000d5f80000)
  from space 1024K, 81% used [0x00000000d6180000,0x00000000d6250020,0x00000000d6280000)
  to   space 1536K, 0% used [0x00000000d5f80000,0x00000000d5f80000,0x00000000d6100000)
 ParOldGen       total 713728K, used 713436K [0x0000000080000000, 0x00000000ab900000, 0x00000000d5580000)
  object space 713728K, 99% used [0x0000000080000000,0x00000000ab8b72f0,0x00000000ab900000)
 Metaspace       used 72724K, committed 74240K, reserved 1179648K
  class space    used 7673K, committed 8384K, reserved 1048576K
}
Event: 85.405 GC heap before
{Heap before GC invocations=1090 (full 3):
 PSYoungGen      total 11264K, used 11072K [0x00000000d5580000, 0x00000000d6280000, 0x0000000100000000)
  eden space 10240K, 100% used [0x00000000d5580000,0x00000000d5f80000,0x00000000d5f80000)
  from space 1024K, 81% used [0x00000000d6180000,0x00000000d6250020,0x00000000d6280000)
  to   space 1536K, 0% used [0x00000000d5f80000,0x00000000d5f80000,0x00000000d6100000)
 ParOldGen       total 713728K, used 713436K [0x0000000080000000, 0x00000000ab900000, 0x00000000d5580000)
  object space 713728K, 99% used [0x0000000080000000,0x00000000ab8b72f0,0x00000000ab900000)
 Metaspace       used 72746K, committed 74304K, reserved 1179648K
  class space    used 7673K, committed 8384K, reserved 1048576K
}
Event: 85.409 GC heap after
{Heap after GC invocations=1090 (full 3):
 PSYoungGen      total 11776K, used 1280K [0x00000000d5580000, 0x00000000d6280000, 0x0000000100000000)
  eden space 10240K, 0% used [0x00000000d5580000,0x00000000d5580000,0x00000000d5f80000)
  from space 1536K, 83% used [0x00000000d5f80000,0x00000000d60c0000,0x00000000d6100000)
  to   space 1536K, 0% used [0x00000000d6100000,0x00000000d6100000,0x00000000d6280000)
 ParOldGen       total 714240K, used 714200K [0x0000000080000000, 0x00000000ab980000, 0x00000000d5580000)
  object space 714240K, 99% used [0x0000000080000000,0x00000000ab976340,0x00000000ab980000)
 Metaspace       used 72746K, committed 74304K, reserved 1179648K
  class space    used 7673K, committed 8384K, reserved 1048576K
}
Event: 85.457 GC heap before
{Heap before GC invocations=1091 (full 3):
 PSYoungGen      total 11776K, used 11520K [0x00000000d5580000, 0x00000000d6280000, 0x0000000100000000)
  eden space 10240K, 100% used [0x00000000d5580000,0x00000000d5f80000,0x00000000d5f80000)
  from space 1536K, 83% used [0x00000000d5f80000,0x00000000d60c0000,0x00000000d6100000)
  to   space 1536K, 0% used [0x00000000d6100000,0x00000000d6100000,0x00000000d6280000)
 ParOldGen       total 714240K, used 714200K [0x0000000080000000, 0x00000000ab980000, 0x00000000d5580000)
  object space 714240K, 99% used [0x0000000080000000,0x00000000ab976340,0x00000000ab980000)
 Metaspace       used 72751K, committed 74304K, reserved 1179648K
  class space    used 7673K, committed 8384K, reserved 1048576K
}
Event: 85.461 GC heap after
{Heap after GC invocations=1091 (full 3):
 PSYoungGen      total 11776K, used 1056K [0x00000000d5580000, 0x00000000d6280000, 0x0000000100000000)
  eden space 10240K, 0% used [0x00000000d5580000,0x00000000d5580000,0x00000000d5f80000)
  from space 1536K, 68% used [0x00000000d6100000,0x00000000d6208000,0x00000000d6280000)
  to   space 1536K, 0% used [0x00000000d5f80000,0x00000000d5f80000,0x00000000d6100000)
 ParOldGen       total 715264K, used 714832K [0x0000000080000000, 0x00000000aba80000, 0x00000000d5580000)
  object space 715264K, 99% used [0x0000000080000000,0x00000000aba14350,0x00000000aba80000)
 Metaspace       used 72751K, committed 74304K, reserved 1179648K
  class space    used 7673K, committed 8384K, reserved 1048576K
}
Event: 85.566 GC heap before
{Heap before GC invocations=1092 (full 3):
 PSYoungGen      total 11776K, used 11296K [0x00000000d5580000, 0x00000000d6280000, 0x0000000100000000)
  eden space 10240K, 100% used [0x00000000d5580000,0x00000000d5f80000,0x00000000d5f80000)
  from space 1536K, 68% used [0x00000000d6100000,0x00000000d6208000,0x00000000d6280000)
  to   space 1536K, 0% used [0x00000000d5f80000,0x00000000d5f80000,0x00000000d6100000)
 ParOldGen       total 715264K, used 714832K [0x0000000080000000, 0x00000000aba80000, 0x00000000d5580000)
  object space 715264K, 99% used [0x0000000080000000,0x00000000aba14350,0x00000000aba80000)
 Metaspace       used 72832K, committed 74368K, reserved 1179648K
  class space    used 7684K, committed 8384K, reserved 1048576K
}
Event: 85.572 GC heap after
{Heap after GC invocations=1092 (full 3):
 PSYoungGen      total 11776K, used 1505K [0x00000000d5580000, 0x00000000d7080000, 0x0000000100000000)
  eden space 10240K, 0% used [0x00000000d5580000,0x00000000d5580000,0x00000000d5f80000)
  from space 1536K, 97% used [0x00000000d5f80000,0x00000000d60f8428,0x00000000d6100000)
  to   space 8704K, 0% used [0x00000000d6800000,0x00000000d6800000,0x00000000d7080000)
 ParOldGen       total 720896K, used 720723K [0x0000000080000000, 0x00000000ac000000, 0x00000000d5580000)
  object space 720896K, 99% used [0x0000000080000000,0x00000000abfd4c40,0x00000000ac000000)
 Metaspace       used 72832K, committed 74368K, reserved 1179648K
  class space    used 7684K, committed 8384K, reserved 1048576K
}

Dll operation events (14 events):
Event: 0.452 Loaded shared library c:\Users\arivo\.vscode\extensions\redhat.java-1.52.0-win32-x64\jre\21.0.9-win32-x86_64\bin\java.dll
Event: 1.700 Loaded shared library c:\Users\arivo\.vscode\extensions\redhat.java-1.52.0-win32-x64\jre\21.0.9-win32-x86_64\bin\zip.dll
Event: 1.981 Loaded shared library C:\Users\arivo\.vscode\extensions\redhat.java-1.52.0-win32-x64\jre\21.0.9-win32-x86_64\bin\instrument.dll
Event: 2.000 Loaded shared library C:\Users\arivo\.vscode\extensions\redhat.java-1.52.0-win32-x64\jre\21.0.9-win32-x86_64\bin\net.dll
Event: 2.032 Loaded shared library C:\Users\arivo\.vscode\extensions\redhat.java-1.52.0-win32-x64\jre\21.0.9-win32-x86_64\bin\nio.dll
Event: 2.055 Loaded shared library C:\Users\arivo\.vscode\extensions\redhat.java-1.52.0-win32-x64\jre\21.0.9-win32-x86_64\bin\zip.dll
Event: 2.379 Loaded shared library C:\Users\arivo\.vscode\extensions\redhat.java-1.52.0-win32-x64\jre\21.0.9-win32-x86_64\bin\jimage.dll
Event: 2.933 Loaded shared library c:\Users\arivo\.vscode\extensions\redhat.java-1.52.0-win32-x64\jre\21.0.9-win32-x86_64\bin\verify.dll
Event: 31.025 Loaded shared library C:\Users\arivo\AppData\Roaming\Code\User\globalStorage\redhat.java\1.52.0\config_win\org.eclipse.equinox.launcher\org.eclipse.equinox.launcher.win32.win32.x86_64_1.2.1500.v20260121-1430\eclipse_11919.dll
Event: 42.325 Loaded shared library C:\Users\arivo\.vscode\extensions\redhat.java-1.52.0-win32-x64\jre\21.0.9-win32-x86_64\bin\management.dll
Event: 42.330 Loaded shared library C:\Users\arivo\.vscode\extensions\redhat.java-1.52.0-win32-x64\jre\21.0.9-win32-x86_64\bin\management_ext.dll
Event: 43.947 Loaded shared library C:\Users\arivo\AppData\Local\Temp\jna-76268\jna4374551986204493615.dll
Event: 44.590 Loaded shared library C:\Users\arivo\.vscode\extensions\redhat.java-1.52.0-win32-x64\jre\21.0.9-win32-x86_64\bin\sunmscapi.dll
Event: 44.842 Loaded shared library C:\Users\arivo\.vscode\extensions\redhat.java-1.52.0-win32-x64\jre\21.0.9-win32-x86_64\bin\extnet.dll

Deoptimization events (20 events):
Event: 85.580 Thread 0x0000013a561cfbb0 DEOPT PACKING pc=0x0000013a08270f44 sp=0x0000002b1fdfea40
Event: 85.580 Thread 0x0000013a561cfbb0 DEOPT UNPACKING pc=0x0000013a07583aa2 sp=0x0000002b1fdfe990 mode 2
Event: 85.619 Thread 0x0000013a561cee90 Uncommon trap: trap_request=0xffffff45 fr.pc=0x0000013a0823ddd8 relative=0x0000000000000ef8
Event: 85.619 Thread 0x0000013a561cee90 Uncommon trap: reason=unstable_if action=reinterpret pc=0x0000013a0823ddd8 method=org.eclipse.core.runtime.Path.computeLength()I @ 92 c2
Event: 85.619 Thread 0x0000013a561cee90 DEOPT PACKING pc=0x0000013a0823ddd8 sp=0x0000002b201fe1f0
Event: 85.619 Thread 0x0000013a561cee90 DEOPT UNPACKING pc=0x0000013a07583aa2 sp=0x0000002b201fe130 mode 2
Event: 85.622 Thread 0x0000013a561cee90 Uncommon trap: trap_request=0xffffff45 fr.pc=0x0000013a07ecff88 relative=0x00000000000001e8
Event: 85.622 Thread 0x0000013a561cee90 Uncommon trap: reason=unstable_if action=reinterpret pc=0x0000013a07ecff88 method=org.eclipse.core.runtime.Path.computeLength()I @ 92 c2
Event: 85.622 Thread 0x0000013a561cee90 DEOPT PACKING pc=0x0000013a07ecff88 sp=0x0000002b201fe410
Event: 85.622 Thread 0x0000013a561cee90 DEOPT UNPACKING pc=0x0000013a07583aa2 sp=0x0000002b201fe3a0 mode 2
Event: 86.008 Thread 0x0000013a561cee90 DEOPT PACKING pc=0x0000013a0019ca48 sp=0x0000002b201fe090
Event: 86.008 Thread 0x0000013a561cee90 DEOPT UNPACKING pc=0x0000013a07584242 sp=0x0000002b201fd598 mode 3
Event: 86.009 Thread 0x0000013a561cee90 Uncommon trap: trap_request=0xffffff45 fr.pc=0x0000013a07e75730 relative=0x0000000000000d70
Event: 86.009 Thread 0x0000013a561cee90 Uncommon trap: reason=unstable_if action=reinterpret pc=0x0000013a07e75730 method=java.util.concurrent.ConcurrentHashMap.putVal(Ljava/lang/Object;Ljava/lang/Object;Z)Ljava/lang/Object; @ 245 c2
Event: 86.009 Thread 0x0000013a561cee90 DEOPT PACKING pc=0x0000013a07e75730 sp=0x0000002b201fe2d0
Event: 86.009 Thread 0x0000013a561cee90 DEOPT UNPACKING pc=0x0000013a07583aa2 sp=0x0000002b201fe258 mode 2
Event: 86.061 Thread 0x0000013a561ce800 Uncommon trap: trap_request=0xffffff45 fr.pc=0x0000013a08129448 relative=0x0000000000000368
Event: 86.061 Thread 0x0000013a561ce800 Uncommon trap: reason=unstable_if action=reinterpret pc=0x0000013a08129448 method=org.eclipse.jdt.internal.core.util.Util.indexOfJavaLikeExtension(Ljava/lang/String;)I @ 46 c2
Event: 86.061 Thread 0x0000013a561ce800 DEOPT PACKING pc=0x0000013a08129448 sp=0x0000002b200fe3e0
Event: 86.061 Thread 0x0000013a561ce800 DEOPT UNPACKING pc=0x0000013a07583aa2 sp=0x0000002b200fe368 mode 2

Classes loaded (20 events):
Event: 67.649 Loading class com/sun/org/apache/xerces/internal/util/URI
Event: 67.650 Loading class com/sun/org/apache/xerces/internal/util/URI done
Event: 67.651 Loading class com/sun/org/apache/xerces/internal/xni/XNIException
Event: 67.653 Loading class com/sun/org/apache/xerces/internal/xni/XNIException done
Event: 67.657 Loading class com/sun/org/apache/xerces/internal/xni/parser/XMLParseException
Event: 67.657 Loading class com/sun/org/apache/xerces/internal/xni/parser/XMLParseException done
Event: 83.842 Loading class java/nio/file/attribute/PosixFileAttributeView
Event: 83.842 Loading class java/nio/file/attribute/PosixFileAttributeView done
Event: 83.914 Loading class java/nio/file/DirectoryIteratorException
Event: 83.915 Loading class java/nio/file/DirectoryIteratorException done
Event: 84.544 Loading class java/nio/file/FileTreeIterator
Event: 84.545 Loading class java/nio/file/FileTreeIterator done
Event: 85.530 Loading class java/util/concurrent/CompletableFuture$UniApply
Event: 85.532 Loading class java/util/concurrent/CompletableFuture$UniCompletion
Event: 85.532 Loading class java/util/concurrent/CompletableFuture$UniCompletion done
Event: 85.532 Loading class java/util/concurrent/CompletableFuture$UniApply done
Event: 85.534 Loading class java/util/concurrent/CompletableFuture$UniAccept
Event: 85.534 Loading class java/util/concurrent/CompletableFuture$UniAccept done
Event: 85.535 Loading class java/util/concurrent/CompletableFuture$UniExceptionally
Event: 85.535 Loading class java/util/concurrent/CompletableFuture$UniExceptionally done

Classes unloaded (16 events):
Event: 43.024 Thread 0x0000013a73ce3dd0 Unloading class 0x0000013a101a3000 'java/lang/invoke/LambdaForm$MH+0x0000013a101a3000'
Event: 43.024 Thread 0x0000013a73ce3dd0 Unloading class 0x0000013a101a2c00 'java/lang/invoke/LambdaForm$MH+0x0000013a101a2c00'
Event: 43.024 Thread 0x0000013a73ce3dd0 Unloading class 0x0000013a101a2800 'java/lang/invoke/LambdaForm$MH+0x0000013a101a2800'
Event: 43.024 Thread 0x0000013a73ce3dd0 Unloading class 0x0000013a101a2400 'java/lang/invoke/LambdaForm$MH+0x0000013a101a2400'
Event: 43.024 Thread 0x0000013a73ce3dd0 Unloading class 0x0000013a101a2000 'java/lang/invoke/LambdaForm$BMH+0x0000013a101a2000'
Event: 43.024 Thread 0x0000013a73ce3dd0 Unloading class 0x0000013a101a1c00 'java/lang/invoke/LambdaForm$DMH+0x0000013a101a1c00'
Event: 43.024 Thread 0x0000013a73ce3dd0 Unloading class 0x0000013a101a0800 'java/lang/invoke/LambdaForm$DMH+0x0000013a101a0800'
Event: 44.439 Thread 0x0000013a73ce3dd0 Unloading class 0x0000013a10323000 'java/lang/invoke/LambdaForm$MH+0x0000013a10323000'
Event: 44.439 Thread 0x0000013a73ce3dd0 Unloading class 0x0000013a10322c00 'java/lang/invoke/LambdaForm$MH+0x0000013a10322c00'
Event: 44.439 Thread 0x0000013a73ce3dd0 Unloading class 0x0000013a10322000 'java/lang/invoke/LambdaForm$MH+0x0000013a10322000'
Event: 44.439 Thread 0x0000013a73ce3dd0 Unloading class 0x0000013a10321c00 'java/lang/invoke/LambdaForm$MH+0x0000013a10321c00'
Event: 44.439 Thread 0x0000013a73ce3dd0 Unloading class 0x0000013a10321000 'java/lang/invoke/LambdaForm$DMH+0x0000013a10321000'
Event: 57.709 Thread 0x0000013a73ce3dd0 Unloading class 0x0000013a10640400 'java/lang/invoke/LambdaForm$DMH+0x0000013a10640400'
Event: 57.709 Thread 0x0000013a73ce3dd0 Unloading class 0x0000013a10640800 'java/lang/invoke/LambdaForm$DMH+0x0000013a10640800'
Event: 57.709 Thread 0x0000013a73ce3dd0 Unloading class 0x0000013a10640000 'java/lang/invoke/LambdaForm$DMH+0x0000013a10640000'
Event: 57.709 Thread 0x0000013a73ce3dd0 Unloading class 0x0000013a10640c00 'java/lang/invoke/LambdaForm$DMH+0x0000013a10640c00'

Classes redefined (0 events):
No events

Internal exceptions (20 events):
Event: 85.644 Thread 0x0000013a561cee90 Exception <a 'sun/nio/fs/WindowsException'{0x00000000d582efc0}> (0x00000000d582efc0) 
thrown [s\src\hotspot\share\prims\jni.cpp, line 520]
Event: 85.645 Thread 0x0000013a561cee90 Exception <a 'sun/nio/fs/WindowsException'{0x00000000d5830328}> (0x00000000d5830328) 
thrown [s\src\hotspot\share\prims\jni.cpp, line 520]
Event: 85.646 Thread 0x0000013a561cee90 Exception <a 'sun/nio/fs/WindowsException'{0x00000000d5830c08}> (0x00000000d5830c08) 
thrown [s\src\hotspot\share\prims\jni.cpp, line 520]
Event: 85.647 Thread 0x0000013a561cee90 Exception <a 'sun/nio/fs/WindowsException'{0x00000000d5831e50}> (0x00000000d5831e50) 
thrown [s\src\hotspot\share\prims\jni.cpp, line 520]
Event: 85.647 Thread 0x0000013a561cee90 Exception <a 'sun/nio/fs/WindowsException'{0x00000000d5832818}> (0x00000000d5832818) 
thrown [s\src\hotspot\share\prims\jni.cpp, line 520]
Event: 85.648 Thread 0x0000013a561cee90 Exception <a 'sun/nio/fs/WindowsException'{0x00000000d5833ba8}> (0x00000000d5833ba8) 
thrown [s\src\hotspot\share\prims\jni.cpp, line 520]
Event: 85.648 Thread 0x0000013a561cee90 Exception <a 'sun/nio/fs/WindowsException'{0x00000000d58347e8}> (0x00000000d58347e8) 
thrown [s\src\hotspot\share\prims\jni.cpp, line 520]
Event: 85.648 Thread 0x0000013a561cee90 Exception <a 'sun/nio/fs/WindowsException'{0x00000000d5835918}> (0x00000000d5835918) 
thrown [s\src\hotspot\share\prims\jni.cpp, line 520]
Event: 85.648 Thread 0x0000013a561cee90 Exception <a 'sun/nio/fs/WindowsException'{0x00000000d5836418}> (0x00000000d5836418) 
thrown [s\src\hotspot\share\prims\jni.cpp, line 520]
Event: 85.649 Thread 0x0000013a561cee90 Exception <a 'sun/nio/fs/WindowsException'{0x00000000d5837780}> (0x00000000d5837780) 
thrown [s\src\hotspot\share\prims\jni.cpp, line 520]
Event: 85.649 Thread 0x0000013a561cee90 Exception <a 'sun/nio/fs/WindowsException'{0x00000000d5838060}> (0x00000000d5838060) 
thrown [s\src\hotspot\share\prims\jni.cpp, line 520]
Event: 85.649 Thread 0x0000013a561cee90 Exception <a 'sun/nio/fs/WindowsException'{0x00000000d58392a8}> (0x00000000d58392a8) 
thrown [s\src\hotspot\share\prims\jni.cpp, line 520]
Event: 85.650 Thread 0x0000013a561cee90 Exception <a 'sun/nio/fs/WindowsException'{0x00000000d5839c70}> (0x00000000d5839c70) 
thrown [s\src\hotspot\share\prims\jni.cpp, line 520]
Event: 85.659 Thread 0x0000013a561ce800 Exception <a 'java/lang/NoSuchMethodError'{0x00000000d588d990}: 'java.lang.Object java.lang.invoke.DirectMethodHandle$Holder.invokeStaticInit(java.lang.Object, java.lang.Object, java.lang.Object)'> (0x00000000d588d990) 
thrown [s\src\hotspot\share\interpreter\linkResolver.cpp, line 773]
Event: 86.038 Thread 0x0000013a561ce800 Exception <a 'sun/nio/fs/WindowsException'{0x00000000d5c1a208}> (0x00000000d5c1a208) 
thrown [s\src\hotspot\share\prims\jni.cpp, line 520]
Event: 86.039 Thread 0x0000013a561ce800 Exception <a 'sun/nio/fs/WindowsException'{0x00000000d5c1ad08}> (0x00000000d5c1ad08) 
thrown [s\src\hotspot\share\prims\jni.cpp, line 520]
Event: 86.041 Thread 0x0000013a561ce800 Exception <a 'sun/nio/fs/WindowsException'{0x00000000d5c1c070}> (0x00000000d5c1c070) 
thrown [s\src\hotspot\share\prims\jni.cpp, line 520]
Event: 86.041 Thread 0x0000013a561ce800 Exception <a 'sun/nio/fs/WindowsException'{0x00000000d5c1c950}> (0x00000000d5c1c950) 
thrown [s\src\hotspot\share\prims\jni.cpp, line 520]
Event: 86.047 Thread 0x0000013a561ce800 Exception <a 'sun/nio/fs/WindowsException'{0x00000000d5c1db98}> (0x00000000d5c1db98) 
thrown [s\src\hotspot\share\prims\jni.cpp, line 520]
Event: 86.048 Thread 0x0000013a561ce800 Exception <a 'sun/nio/fs/WindowsException'{0x00000000d5c1e560}> (0x00000000d5c1e560) 
thrown [s\src\hotspot\share\prims\jni.cpp, line 520]

ZGC Phase Switch (0 events):
No events

VM Operations (20 events):
Event: 85.106 Executing VM operation: ParallelGCFailedAllocation (Allocation Failure) done
Event: 85.151 Executing VM operation: ParallelGCFailedAllocation (Allocation Failure)
Event: 85.155 Executing VM operation: ParallelGCFailedAllocation (Allocation Failure) done
Event: 85.236 Executing VM operation: ParallelGCFailedAllocation (Allocation Failure)
Event: 85.240 Executing VM operation: ParallelGCFailedAllocation (Allocation Failure) done
Event: 85.285 Executing VM operation: ParallelGCFailedAllocation (Allocation Failure)
Event: 85.288 Executing VM operation: ParallelGCFailedAllocation (Allocation Failure) done
Event: 85.340 Executing VM operation: ParallelGCFailedAllocation (Allocation Failure)
Event: 85.344 Executing VM operation: ParallelGCFailedAllocation (Allocation Failure) done
Event: 85.405 Executing VM operation: ParallelGCFailedAllocation (Allocation Failure)
Event: 85.409 Executing VM operation: ParallelGCFailedAllocation (Allocation Failure) done
Event: 85.440 Executing VM operation: HandshakeAllThreads (Deoptimize)
Event: 85.440 Executing VM operation: HandshakeAllThreads (Deoptimize) done
Event: 85.457 Executing VM operation: ParallelGCFailedAllocation (Allocation Failure)
Event: 85.461 Executing VM operation: ParallelGCFailedAllocation (Allocation Failure) done
Event: 85.565 Executing VM operation: ParallelGCFailedAllocation (Allocation Failure)
Event: 85.572 Executing VM operation: ParallelGCFailedAllocation (Allocation Failure) done
Event: 86.008 Executing VM operation: HandshakeAllThreads (Deoptimize)
Event: 86.008 Executing VM operation: HandshakeAllThreads (Deoptimize) done
Event: 87.011 Executing VM operation: Cleanup

Memory protections (0 events):
No events

Nmethod flushes (20 events):
Event: 57.739 Thread 0x0000013a73ce3dd0 flushing  nmethod 0x0000013a00885e10
Event: 57.739 Thread 0x0000013a73ce3dd0 flushing  nmethod 0x0000013a00886410
Event: 57.739 Thread 0x0000013a73ce3dd0 flushing  nmethod 0x0000013a00886c90
Event: 57.739 Thread 0x0000013a73ce3dd0 flushing  nmethod 0x0000013a00888a90
Event: 57.739 Thread 0x0000013a73ce3dd0 flushing  nmethod 0x0000013a0089f290
Event: 57.739 Thread 0x0000013a73ce3dd0 flushing  nmethod 0x0000013a008ba990
Event: 57.739 Thread 0x0000013a73ce3dd0 flushing  nmethod 0x0000013a008bac90
Event: 57.739 Thread 0x0000013a73ce3dd0 flushing  nmethod 0x0000013a008bb590
Event: 57.739 Thread 0x0000013a73ce3dd0 flushing  nmethod 0x0000013a008bbe10
Event: 57.739 Thread 0x0000013a73ce3dd0 flushing  nmethod 0x0000013a008f1690
Event: 57.739 Thread 0x0000013a73ce3dd0 flushing  nmethod 0x0000013a008fdc10
Event: 57.739 Thread 0x0000013a73ce3dd0 flushing  nmethod 0x0000013a00904290
Event: 57.739 Thread 0x0000013a73ce3dd0 flushing  nmethod 0x0000013a00904910
Event: 57.739 Thread 0x0000013a73ce3dd0 flushing  nmethod 0x0000013a00905090
Event: 57.739 Thread 0x0000013a73ce3dd0 flushing  nmethod 0x0000013a00906590
Event: 57.739 Thread 0x0000013a73ce3dd0 flushing  nmethod 0x0000013a00906c90
Event: 57.739 Thread 0x0000013a73ce3dd0 flushing  nmethod 0x0000013a00908a90
Event: 57.739 Thread 0x0000013a73ce3dd0 flushing  nmethod 0x0000013a0090f690
Event: 57.739 Thread 0x0000013a73ce3dd0 flushing  nmethod 0x0000013a00922390
Event: 57.739 Thread 0x0000013a73ce3dd0 flushing  nmethod 0x0000013a0093c010

Events (20 events):
Event: 66.167 Thread 0x0000013a7cf90ee0 Thread added: 0x0000013a54811dd0
Event: 68.814 Thread 0x0000013a54811dd0 Thread exited: 0x0000013a54811dd0
Event: 68.830 Thread 0x0000013a7cf90ee0 Thread added: 0x0000013a5651de20
Event: 68.830 Thread 0x0000013a7cf90ee0 Thread added: 0x0000013a5651b540
Event: 69.648 Thread 0x0000013a5651b540 Thread exited: 0x0000013a5651b540
Event: 69.648 Thread 0x0000013a5651de20 Thread exited: 0x0000013a5651de20
Event: 69.822 Thread 0x0000013a7cf90ee0 Thread added: 0x0000013a5651b540
Event: 70.290 Thread 0x0000013a5651b540 Thread exited: 0x0000013a5651b540
Event: 70.544 Thread 0x0000013a7cf90ee0 Thread added: 0x0000013a5651ae70
Event: 70.544 Thread 0x0000013a7cf90ee0 Thread added: 0x0000013a5651bc10
Event: 73.496 Thread 0x0000013a5651bc10 Thread exited: 0x0000013a5651bc10
Event: 73.740 Thread 0x0000013a5651ae70 Thread exited: 0x0000013a5651ae70
Event: 82.906 Thread 0x0000013a7b6cce80 Thread added: 0x0000013a5651de20
Event: 84.538 Thread 0x0000013a7d6fb390 Thread added: 0x0000013a561ce170
Event: 85.522 Thread 0x0000013a561ce170 Thread added: 0x0000013a561cd450
Event: 85.522 Thread 0x0000013a7d6fa670 Thread added: 0x0000013a561cfbb0
Event: 85.523 Thread 0x0000013a561cfbb0 Thread added: 0x0000013a561cc730
Event: 85.523 Thread 0x0000013a561cd450 Thread added: 0x0000013a561d0240
Event: 85.523 Thread 0x0000013a561d0240 Thread added: 0x0000013a561ce800
Event: 85.523 Thread 0x0000013a561cc730 Thread added: 0x0000013a561cee90


Dynamic libraries:
0x00007ff740550000 - 0x00007ff74055e000 	c:\Users\arivo\.vscode\extensions\redhat.java-1.52.0-win32-x64\jre\21.0.9-win32-x86_64\bin\java.exe
0x00007ffbedd20000 - 0x00007ffbedf88000 	C:\WINDOWS\SYSTEM32\ntdll.dll
0x00007ffbec310000 - 0x00007ffbec3d9000 	C:\WINDOWS\System32\KERNEL32.DLL
0x00007ffbea7a0000 - 0x00007ffbeab91000 	C:\WINDOWS\System32\KERNELBASE.dll
0x00007ffbe7ec0000 - 0x00007ffbe7f5e000 	C:\WINDOWS\SYSTEM32\apphelp.dll
0x00007ffbeaf20000 - 0x00007ffbeb06b000 	C:\WINDOWS\System32\ucrtbase.dll
0x00007ffbdb980000 - 0x00007ffbdb998000 	c:\Users\arivo\.vscode\extensions\redhat.java-1.52.0-win32-x64\jre\21.0.9-win32-x86_64\bin\jli.dll
0x00007ffbd9b90000 - 0x00007ffbd9bae000 	c:\Users\arivo\.vscode\extensions\redhat.java-1.52.0-win32-x64\jre\21.0.9-win32-x86_64\bin\VCRUNTIME140.dll
0x00007ffbeda80000 - 0x00007ffbedc46000 	C:\WINDOWS\System32\USER32.dll
0x00007ffbea770000 - 0x00007ffbea797000 	C:\WINDOWS\System32\win32u.dll
0x00007ffbeda50000 - 0x00007ffbeda7b000 	C:\WINDOWS\System32\GDI32.dll
0x00007ffbeb120000 - 0x00007ffbeb24b000 	C:\WINDOWS\System32\gdi32full.dll
0x00007ffbea6c0000 - 0x00007ffbea763000 	C:\WINDOWS\System32\msvcp_win.dll
0x00007ffbc8470000 - 0x00007ffbc8703000 	C:\WINDOWS\WinSxS\amd64_microsoft.windows.common-controls_6595b64144ccf1df_6.0.26100.7705_none_3e06597ae3363b04\COMCTL32.dll
0x00007ffbebda0000 - 0x00007ffbebe49000 	C:\WINDOWS\System32\msvcrt.dll
0x00007ffbece30000 - 0x00007ffbece61000 	C:\WINDOWS\System32\IMM32.DLL
0x00007ffbe07c0000 - 0x00007ffbe07cc000 	c:\Users\arivo\.vscode\extensions\redhat.java-1.52.0-win32-x64\jre\21.0.9-win32-x86_64\bin\vcruntime140_1.dll
0x00007ffbc3ea0000 - 0x00007ffbc3f2d000 	c:\Users\arivo\.vscode\extensions\redhat.java-1.52.0-win32-x64\jre\21.0.9-win32-x86_64\bin\msvcp140.dll
0x00007ffb17990000 - 0x00007ffb18730000 	c:\Users\arivo\.vscode\extensions\redhat.java-1.52.0-win32-x64\jre\21.0.9-win32-x86_64\bin\server\jvm.dll
0x00007ffbebce0000 - 0x00007ffbebd94000 	C:\WINDOWS\System32\ADVAPI32.dll
0x00007ffbec030000 - 0x00007ffbec0d6000 	C:\WINDOWS\System32\sechost.dll
0x00007ffbece70000 - 0x00007ffbecf88000 	C:\WINDOWS\System32\RPCRT4.dll
0x00007ffbecdb0000 - 0x00007ffbece24000 	C:\WINDOWS\System32\WS2_32.dll
0x00007ffbea460000 - 0x00007ffbea4be000 	C:\WINDOWS\SYSTEM32\POWRPROF.dll
0x00007ffbe1890000 - 0x00007ffbe18c5000 	C:\WINDOWS\SYSTEM32\WINMM.dll
0x00007ffbd3b90000 - 0x00007ffbd3b9b000 	C:\WINDOWS\SYSTEM32\VERSION.dll
0x00007ffbea440000 - 0x00007ffbea454000 	C:\WINDOWS\SYSTEM32\UMPDC.dll
0x00007ffbe9370000 - 0x00007ffbe938b000 	C:\WINDOWS\SYSTEM32\kernel.appcore.dll
0x00007ffbde690000 - 0x00007ffbde69a000 	c:\Users\arivo\.vscode\extensions\redhat.java-1.52.0-win32-x64\jre\21.0.9-win32-x86_64\bin\jimage.dll
0x00007ffbd2b50000 - 0x00007ffbd2d92000 	C:\WINDOWS\SYSTEM32\DBGHELP.DLL
0x00007ffbec3e0000 - 0x00007ffbec766000 	C:\WINDOWS\System32\combase.dll
0x00007ffbed110000 - 0x00007ffbed1e7000 	C:\WINDOWS\System32\OLEAUT32.dll
0x00007ffbc2ad0000 - 0x00007ffbc2b0b000 	C:\WINDOWS\SYSTEM32\dbgcore.DLL
0x00007ffbeb070000 - 0x00007ffbeb115000 	C:\WINDOWS\System32\bcryptPrimitives.dll
0x00007ffbdbc60000 - 0x00007ffbdbc6f000 	c:\Users\arivo\.vscode\extensions\redhat.java-1.52.0-win32-x64\jre\21.0.9-win32-x86_64\bin\instrument.dll
0x00007ffbd9270000 - 0x00007ffbd9290000 	c:\Users\arivo\.vscode\extensions\redhat.java-1.52.0-win32-x64\jre\21.0.9-win32-x86_64\bin\java.dll
0x00007ffbed270000 - 0x00007ffbed9c1000 	C:\WINDOWS\System32\SHELL32.dll
0x00007ffbeaba0000 - 0x00007ffbead0a000 	C:\WINDOWS\System32\wintypes.dll
0x00007ffbeb250000 - 0x00007ffbebab2000 	C:\WINDOWS\System32\windows.storage.dll
0x00007ffbecf90000 - 0x00007ffbed086000 	C:\WINDOWS\System32\SHCORE.dll
0x00007ffbed090000 - 0x00007ffbed0f7000 	C:\WINDOWS\System32\shlwapi.dll
0x00007ffbea520000 - 0x00007ffbea549000 	C:\WINDOWS\SYSTEM32\profapi.dll
0x00007ffbd57e0000 - 0x00007ffbd57f8000 	c:\Users\arivo\.vscode\extensions\redhat.java-1.52.0-win32-x64\jre\21.0.9-win32-x86_64\bin\zip.dll
0x00007ffbdba30000 - 0x00007ffbdba40000 	C:\Users\arivo\.vscode\extensions\redhat.java-1.52.0-win32-x64\jre\21.0.9-win32-x86_64\bin\net.dll
0x00007ffbe0b00000 - 0x00007ffbe0c27000 	C:\WINDOWS\SYSTEM32\WINHTTP.dll
0x00007ffbe98c0000 - 0x00007ffbe992b000 	C:\WINDOWS\system32\mswsock.dll
0x00007ffbd1940000 - 0x00007ffbd1956000 	C:\Users\arivo\.vscode\extensions\redhat.java-1.52.0-win32-x64\jre\21.0.9-win32-x86_64\bin\nio.dll
0x00007ffbdaf80000 - 0x00007ffbdaf90000 	c:\Users\arivo\.vscode\extensions\redhat.java-1.52.0-win32-x64\jre\21.0.9-win32-x86_64\bin\verify.dll
0x00007ffba82b0000 - 0x00007ffba82f5000 	C:\Users\arivo\AppData\Roaming\Code\User\globalStorage\redhat.java\1.52.0\config_win\org.eclipse.equinox.launcher\org.eclipse.equinox.launcher.win32.win32.x86_64_1.2.1500.v20260121-1430\eclipse_11919.dll
0x00007ffbecc10000 - 0x00007ffbecda7000 	C:\WINDOWS\System32\ole32.dll
0x00007ffbde770000 - 0x00007ffbde77a000 	C:\Users\arivo\.vscode\extensions\redhat.java-1.52.0-win32-x64\jre\21.0.9-win32-x86_64\bin\management.dll
0x00007ffbdaff0000 - 0x00007ffbdaffc000 	C:\Users\arivo\.vscode\extensions\redhat.java-1.52.0-win32-x64\jre\21.0.9-win32-x86_64\bin\management_ext.dll
0x00007ffbecc00000 - 0x00007ffbecc08000 	C:\WINDOWS\System32\PSAPI.DLL
0x00007ffbe9cb0000 - 0x00007ffbe9ccb000 	C:\WINDOWS\SYSTEM32\CRYPTSP.dll
0x00007ffbe92d0000 - 0x00007ffbe9309000 	C:\WINDOWS\system32\rsaenh.dll
0x00007ffbe9970000 - 0x00007ffbe999b000 	C:\WINDOWS\SYSTEM32\USERENV.dll
0x00007ffbea4f0000 - 0x00007ffbea51a000 	C:\WINDOWS\SYSTEM32\bcrypt.dll
0x00007ffbe9b10000 - 0x00007ffbe9b1c000 	C:\WINDOWS\SYSTEM32\CRYPTBASE.dll
0x00007ffbe8dc0000 - 0x00007ffbe8df4000 	C:\WINDOWS\SYSTEM32\IPHLPAPI.DLL
0x00007ffbedc50000 - 0x00007ffbedc5a000 	C:\WINDOWS\System32\NSI.dll
0x00007ffba50f0000 - 0x00007ffba5139000 	C:\Users\arivo\AppData\Local\Temp\jna-76268\jna4374551986204493615.dll
0x00007ffbe4d80000 - 0x00007ffbe4d9e000 	C:\WINDOWS\SYSTEM32\dhcpcsvc6.DLL
0x00007ffbe1da0000 - 0x00007ffbe1dc3000 	C:\WINDOWS\SYSTEM32\dhcpcsvc.DLL
0x00007ffbdacd0000 - 0x00007ffbdacde000 	C:\Users\arivo\.vscode\extensions\redhat.java-1.52.0-win32-x64\jre\21.0.9-win32-x86_64\bin\sunmscapi.dll
0x00007ffbead10000 - 0x00007ffbeae87000 	C:\WINDOWS\System32\CRYPT32.dll
0x00007ffbe9e00000 - 0x00007ffbe9e30000 	C:\WINDOWS\SYSTEM32\ncrypt.dll
0x00007ffbe9db0000 - 0x00007ffbe9def000 	C:\WINDOWS\SYSTEM32\NTASN1.dll
0x00007ffbe8e60000 - 0x00007ffbe8f8c000 	C:\WINDOWS\SYSTEM32\DNSAPI.dll
0x00007ffbd6500000 - 0x00007ffbd650b000 	C:\Windows\System32\rasadhlp.dll
0x00007ffbe5100000 - 0x00007ffbe5186000 	C:\WINDOWS\System32\fwpuclnt.dll
0x00007ffbdac10000 - 0x00007ffbdac19000 	C:\Users\arivo\.vscode\extensions\redhat.java-1.52.0-win32-x64\jre\21.0.9-win32-x86_64\bin\extnet.dll
0x00007ffbe9490000 - 0x00007ffbe94c6000 	C:\WINDOWS\SYSTEM32\ntmarta.dll

JVMTI agents:
c:\Users\arivo\.vscode\extensions\redhat.java-1.52.0-win32-x64\lombok\lombok-1.18.39-4050.jar path:c:\Users\arivo\.vscode\extensions\redhat.java-1.52.0-win32-x64\jre\21.0.9-win32-x86_64\bin\instrument.dll, loaded, initialized, instrumentlib options:none

dbghelp: loaded successfully - version: 4.0.5 - missing functions: none
symbol engine: initialized successfully - sym options: 0x614 - pdb path: .;c:\Users\arivo\.vscode\extensions\redhat.java-1.52.0-win32-x64\jre\21.0.9-win32-x86_64\bin;C:\WINDOWS\SYSTEM32;C:\WINDOWS\WinSxS\amd64_microsoft.windows.common-controls_6595b64144ccf1df_6.0.26100.7705_none_3e06597ae3363b04;c:\Users\arivo\.vscode\extensions\redhat.java-1.52.0-win32-x64\jre\21.0.9-win32-x86_64\bin\server;C:\Users\arivo\AppData\Roaming\Code\User\globalStorage\redhat.java\1.52.0\config_win\org.eclipse.equinox.launcher\org.eclipse.equinox.launcher.win32.win32.x86_64_1.2.1500.v20260121-1430;C:\Users\arivo\AppData\Local\Temp\jna-76268

VM Arguments:
jvm_args: --add-modules=ALL-SYSTEM --add-opens=java.base/java.util=ALL-UNNAMED --add-opens=java.base/java.lang=ALL-UNNAMED --add-opens=java.base/sun.nio.fs=ALL-UNNAMED -Declipse.application=org.eclipse.jdt.ls.core.id1 -Dosgi.bundles.defaultStartLevel=4 -Declipse.product=org.eclipse.jdt.ls.core.product -Djava.import.generatesMetadataFilesAtProjectRoot=false -DDetectVMInstallationsJob.disabled=true -Dfile.encoding=utf8 -XX:+UseParallelGC -XX:GCTimeRatio=4 -XX:AdaptiveSizePolicyWeight=90 -Dsun.zip.disableMemoryMapping=true -Xmx2G -Xms100m -Xlog:disable -javaagent:c:\Users\arivo\.vscode\extensions\redhat.java-1.52.0-win32-x64\lombok\lombok-1.18.39-4050.jar -XX:+HeapDumpOnOutOfMemoryError -XX:HeapDumpPath=c:\Users\arivo\AppData\Roaming\Code\User\workspaceStorage\8458649975ab52f6c626be96cf669a6a\redhat.java -Daether.dependencyCollector.impl=bf 
java_command: c:\Users\arivo\.vscode\extensions\redhat.java-1.52.0-win32-x64\server\plugins\org.eclipse.equinox.launcher_1.7.100.v20251111-0406.jar -configuration c:\Users\arivo\AppData\Roaming\Code\User\globalStorage\redhat.java\1.52.0\config_win -data c:\Users\arivo\AppData\Roaming\Code\User\workspaceStorage\8458649975ab52f6c626be96cf669a6a\redhat.java\jdt_ws --pipe=\\.\pipe\lsp-a69d37691d22e04dab655d146005bbd4-sock
java_class_path (initial): c:\Users\arivo\.vscode\extensions\redhat.java-1.52.0-win32-x64\server\plugins\org.eclipse.equinox.launcher_1.7.100.v20251111-0406.jar
Launcher Type: SUN_STANDARD

[Global flags]
    uintx AdaptiveSizePolicyWeight                 = 90                                        {product} {command line}
     intx CICompilerCount                          = 4                                         {product} {ergonomic}
    uintx GCTimeRatio                              = 4                                         {product} {command line}
     bool HeapDumpOnOutOfMemoryError               = true                                   {manageable} {command line}
    ccstr HeapDumpPath                             = c:\Users\arivo\AppData\Roaming\Code\User\workspaceStorage\8458649975ab52f6c626be96cf669a6a\redhat.java         {manageable} {command line}
   size_t InitialHeapSize                          = 104857600                                 {product} {command line}
   size_t MaxHeapSize                              = 2147483648                                {product} {command line}
   size_t MaxNewSize                               = 715653120                                 {product} {ergonomic}
   size_t MinHeapDeltaBytes                        = 524288                                    {product} {ergonomic}
   size_t MinHeapSize                              = 104857600                                 {product} {command line}
   size_t NewSize                                  = 34603008                                  {product} {ergonomic}
    uintx NonNMethodCodeHeapSize                   = 5839372                                {pd product} {ergonomic}
    uintx NonProfiledCodeHeapSize                  = 122909434                              {pd product} {ergonomic}
   size_t OldSize                                  = 70254592                                  {product} {ergonomic}
    uintx ProfiledCodeHeapSize                     = 122909434                              {pd product} {ergonomic}
    uintx ReservedCodeCacheSize                    = 251658240                              {pd product} {ergonomic}
     bool SegmentedCodeCache                       = true                                      {product} {ergonomic}
   size_t SoftMaxHeapSize                          = 2147483648                             {manageable} {ergonomic}
     bool UseCompressedOops                        = true                           {product lp64_product} {ergonomic}
     bool UseLargePagesIndividualAllocation        = false                                  {pd product} {ergonomic}
     bool UseParallelGC                            = true                                      {product} {command line}

Logging:
Log output configuration:
 #0: stdout all=off uptime,level,tags foldmultilines=false
 #1: stderr all=off uptime,level,tags foldmultilines=false

Release file:
JAVA_VERSION="21.0.9" 
MODULES="java.base java.compiler java.datatransfer java.xml java.prefs java.desktop java.instrument java.logging java.management java.security.sasl java.naming java.rmi java.management.rmi java.net.http java.scripting java.security.jgss java.transaction.xa java.sql java.sql.rowset java.xml.crypto java.se java.smartcardio jdk.accessibility jdk.internal.jvmstat jdk.attach jdk.charsets jdk.internal.opt jdk.zipfs jdk.compiler jdk.crypto.ec jdk.crypto.cryptoki jdk.crypto.mscapi jdk.dynalink jdk.internal.ed jdk.editpad jdk.hotspot.agent jdk.httpserver jdk.internal.le jdk.internal.vm.ci jdk.internal.vm.compiler jdk.internal.vm.compiler.management jdk.jartool jdk.javadoc jdk.jcmd jdk.management jdk.management.agent jdk.jconsole jdk.jdeps jdk.jdwp.agent jdk.jdi jdk.jfr jdk.jshell jdk.jsobject jdk.jstatd jdk.localedata jdk.management.jfr jdk.naming.dns jdk.naming.rmi jdk.net jdk.nio.mapmode jdk.random jdk.sctp jdk.security.auth jdk.security.jgss jdk.unsupported jdk.unsupported.desktop jdk.xml.dom" 

Environment Variables:
JAVA_HOME=C:\Program Files\Eclipse Adoptium\jdk-17.0.18.8-hotspot
PATH=C:\Windows\System32;C:\Program Files\apache-maven-3.9.12\bin;C:\Program Files\Eclipse Adoptium\jdk-17.0.18.8-hotspot\bin;C:\Program Files\nodejs\;C:\Program Files\Git\cmd;C:\Program Files\MySQL\MySQL Shell 8.0\bin\;C:\Users\arivo\AppData\Local\Programs\Python\Python313\Scripts\;C:\Users\arivo\AppData\Local\Programs\Python\Python313\;C:\Users\arivo\AppData\Local\Microsoft\WindowsApps;C:\Users\arivo\AppData\Local\Programs\Microsoft VS Code\bin;C:\Users\arivo\AppData\Local\GitHubDesktop\bin;C:\Users\arivo\AppData\Roaming\npm
USERNAME=Lee
OS=Windows_NT
PROCESSOR_IDENTIFIER=AMD64 Family 23 Model 160 Stepping 0, AuthenticAMD
TMP=C:\Users\arivo\AppData\Local\Temp
TEMP=C:\Users\arivo\AppData\Local\Temp




Periodic native trim disabled

---------------  S Y S T E M  ---------------

OS:
 Windows 11 , 64 bit Build 26100 (10.0.26100.7705)
OS uptime: 2 days 7:40 hours
Hyper-V role detected

CPU: total 8 (initial active 8) (8 cores per cpu, 2 threads per core) family 23 model 160 stepping 0 microcode 0x8a00009, cx8, cmov, fxsr, ht, mmx, 3dnowpref, sse, sse2, sse3, ssse3, sse4a, sse4.1, sse4.2, popcnt, lzcnt, tsc, tscinvbit, avx, avx2, aes, clmul, bmi1, bmi2, adx, sha, fma, vzeroupper, clflush, clflushopt, hv, rdtscp, rdpid, f16c
Processor Information for the first 8 processors :
  Max Mhz: 2801, Current Mhz: 2801, Mhz Limit: 2801

Memory: 4k page, system-wide physical 5965M (450M free)
TotalPageFile size 24397M (AvailPageFile size 29M)
current process WorkingSet (physical memory assigned to process): 797M, peak: 835M
current process commit charge ("private bytes"): 1065M, peak: 1068M

vm_info: OpenJDK 64-Bit Server VM (21.0.9+10-LTS) for windows-amd64 JRE (21.0.9+10-LTS), built on 2025-10-21T00:00:00Z by "admin" with unknown MS VC++:1942

END.
